20:29:25.424 [INFO] [org.gradle.launcher.daemon.server.Daemon] start() called on daemon - DefaultDaemonContext[uid=9bbf5e41-2aa1-4a7c-9cd1-327fe84a1491,javaHome=/Library/Java/JavaVirtualMachines/jdk1.8.0_121.jdk/Contents/Home,daemonRegistryDir=/Users/hemnepal/IdeaProjects/techjobs-oo/gradle/daemon,pid=1531,idleTimeout=60000,daemonOpts=-XX:MaxPermSize=256m,-XX:+HeapDumpOnOutOfMemoryError,-Xmx1024m,-Dfile.encoding=UTF-8,-Duser.country=US,-Duser.language=en,-Duser.variant]
20:29:25.428 [DEBUG] [org.gradle.launcher.daemon.server.DaemonStateCoordinator] updating lastActivityAt to 1491960565428
20:29:25.451 [DEBUG] [org.gradle.messaging.remote.internal.inet.InetAddressFactory] Adding IP addresses for network interface utun0
20:29:25.452 [DEBUG] [org.gradle.messaging.remote.internal.inet.InetAddressFactory] Is this a loopback interface? false
20:29:25.452 [DEBUG] [org.gradle.messaging.remote.internal.inet.InetAddressFactory] Is this a multicast interface? true
20:29:25.453 [DEBUG] [org.gradle.messaging.remote.internal.inet.InetAddressFactory] Adding remote address /fe80:0:0:0:7450:ff21:33d4:2a9a%utun0
20:29:25.453 [DEBUG] [org.gradle.messaging.remote.internal.inet.InetAddressFactory] Adding remote multicast interface utun0
20:29:25.454 [DEBUG] [org.gradle.messaging.remote.internal.inet.InetAddressFactory] Adding IP addresses for network interface awdl0
20:29:25.455 [DEBUG] [org.gradle.messaging.remote.internal.inet.InetAddressFactory] Is this a loopback interface? false
20:29:25.456 [DEBUG] [org.gradle.messaging.remote.internal.inet.InetAddressFactory] Is this a multicast interface? true
20:29:25.456 [DEBUG] [org.gradle.messaging.remote.internal.inet.InetAddressFactory] Adding remote address /fe80:0:0:0:8017:aaff:fe77:77a8%awdl0
20:29:25.457 [DEBUG] [org.gradle.messaging.remote.internal.inet.InetAddressFactory] Adding remote multicast interface awdl0
20:29:25.457 [DEBUG] [org.gradle.messaging.remote.internal.inet.InetAddressFactory] Adding IP addresses for network interface en0
20:29:25.457 [DEBUG] [org.gradle.messaging.remote.internal.inet.InetAddressFactory] Is this a loopback interface? false
20:29:25.458 [DEBUG] [org.gradle.messaging.remote.internal.inet.InetAddressFactory] Is this a multicast interface? true
20:29:25.458 [DEBUG] [org.gradle.messaging.remote.internal.inet.InetAddressFactory] Adding remote address /2602:30a:c0a7:1660:0:0:0:11
20:29:25.459 [DEBUG] [org.gradle.messaging.remote.internal.inet.InetAddressFactory] Adding remote address /2602:30a:c0a7:1660:2c62:1edc:db42:9bc3
20:29:25.460 [DEBUG] [org.gradle.messaging.remote.internal.inet.InetAddressFactory] Adding remote address /2602:30a:c0a7:1660:14c8:e6a9:ca48:f338
20:29:25.461 [DEBUG] [org.gradle.messaging.remote.internal.inet.InetAddressFactory] Adding remote address /fe80:0:0:0:5e:13f6:2308:2f40%en0
20:29:25.461 [DEBUG] [org.gradle.messaging.remote.internal.inet.InetAddressFactory] Adding remote address /192.168.1.203
20:29:25.462 [DEBUG] [org.gradle.messaging.remote.internal.inet.InetAddressFactory] Adding remote multicast interface en0
20:29:25.462 [DEBUG] [org.gradle.messaging.remote.internal.inet.InetAddressFactory] Adding IP addresses for network interface lo0
20:29:25.462 [DEBUG] [org.gradle.messaging.remote.internal.inet.InetAddressFactory] Is this a loopback interface? true
20:29:25.463 [DEBUG] [org.gradle.messaging.remote.internal.inet.InetAddressFactory] Is this a multicast interface? true
20:29:25.463 [DEBUG] [org.gradle.messaging.remote.internal.inet.InetAddressFactory] Ignoring remote address on loopback interface /fe80:0:0:0:0:0:0:1%lo0
20:29:25.463 [DEBUG] [org.gradle.messaging.remote.internal.inet.InetAddressFactory] Adding loopback address /0:0:0:0:0:0:0:1
20:29:25.464 [DEBUG] [org.gradle.messaging.remote.internal.inet.InetAddressFactory] Adding loopback address /127.0.0.1
20:29:25.464 [DEBUG] [org.gradle.messaging.remote.internal.inet.InetAddressFactory] Adding loopback multicast interface lo0
20:29:25.479 [DEBUG] [org.gradle.messaging.remote.internal.inet.TcpIncomingConnector] Listening on [c5f4c872-7231-436f-ad8f-4fdc29da6cc9 port:58579, addresses:[/0:0:0:0:0:0:0:1, /127.0.0.1]].
20:29:25.481 [DEBUG] [org.gradle.launcher.daemon.server.Daemon] Daemon starting at: Tue Apr 11 20:29:25 CDT 2017, with address: [c5f4c872-7231-436f-ad8f-4fdc29da6cc9 port:58579, addresses:[/0:0:0:0:0:0:0:1, /127.0.0.1]]
20:29:25.483 [INFO] [org.gradle.launcher.daemon.server.DomainRegistryUpdater] Advertising the daemon address to the clients: [c5f4c872-7231-436f-ad8f-4fdc29da6cc9 port:58579, addresses:[/0:0:0:0:0:0:0:1, /127.0.0.1]]
20:29:25.483 [DEBUG] [org.gradle.launcher.daemon.server.DomainRegistryUpdater] Advertised daemon context: DefaultDaemonContext[uid=9bbf5e41-2aa1-4a7c-9cd1-327fe84a1491,javaHome=/Library/Java/JavaVirtualMachines/jdk1.8.0_121.jdk/Contents/Home,daemonRegistryDir=/Users/hemnepal/IdeaProjects/techjobs-oo/gradle/daemon,pid=1531,idleTimeout=60000,daemonOpts=-XX:MaxPermSize=256m,-XX:+HeapDumpOnOutOfMemoryError,-Xmx1024m,-Dfile.encoding=UTF-8,-Duser.country=US,-Duser.language=en,-Duser.variant]
20:29:25.484 [DEBUG] [org.gradle.launcher.daemon.registry.PersistentDaemonRegistry] Storing daemon address: [c5f4c872-7231-436f-ad8f-4fdc29da6cc9 port:58579, addresses:[/0:0:0:0:0:0:0:1, /127.0.0.1]], context: DefaultDaemonContext[uid=9bbf5e41-2aa1-4a7c-9cd1-327fe84a1491,javaHome=/Library/Java/JavaVirtualMachines/jdk1.8.0_121.jdk/Contents/Home,daemonRegistryDir=/Users/hemnepal/IdeaProjects/techjobs-oo/gradle/daemon,pid=1531,idleTimeout=60000,daemonOpts=-XX:MaxPermSize=256m,-XX:+HeapDumpOnOutOfMemoryError,-Xmx1024m,-Dfile.encoding=UTF-8,-Duser.country=US,-Duser.language=en,-Duser.variant]
20:29:25.493 [DEBUG] [org.gradle.cache.internal.DefaultFileLockManager] Waiting to acquire exclusive lock on daemon addresses registry.
20:29:25.496 [DEBUG] [org.gradle.cache.internal.DefaultFileLockManager] Lock acquired.
20:29:25.592 [DEBUG] [org.gradle.cache.internal.DefaultFileLockManager] Releasing lock on daemon addresses registry.
20:29:25.593 [LIFECYCLE] [org.gradle.launcher.daemon.server.Daemon] Daemon server started.
20:29:25.595 [DEBUG] [org.gradle.launcher.daemon.bootstrap.DaemonStartupCommunication] Completed writing the daemon greeting. Closing streams...
20:29:25.596 [DEBUG] [org.gradle.launcher.daemon.server.Daemon] requestStopOnIdleTimeout(60000 MILLISECONDS) called on daemon
20:29:25.596 [DEBUG] [org.gradle.launcher.daemon.server.DaemonStateCoordinator] Idle timeout: waiting for daemon to stop or be idle for 60000ms
20:29:25.597 [DEBUG] [org.gradle.launcher.daemon.server.DaemonStateCoordinator] Daemon is idle, sleeping until state change or idle timeout at Tue Apr 11 20:30:25 CDT 2017
20:29:25.601 [DEBUG] [org.gradle.messaging.remote.internal.inet.TcpIncomingConnector] Accepted connection from /127.0.0.1:58580 to /127.0.0.1:58579.
20:29:25.667 [DEBUG] [org.gradle.launcher.daemon.server.SynchronizedDispatchConnection] thread 14: received class org.gradle.launcher.daemon.protocol.Build
20:29:25.668 [DEBUG] [org.gradle.launcher.daemon.server.DefaultDaemonConnection] Received non-IO message from client: Build{id=33f870a7-d847-4038-94ea-b8876334021e.1, currentDir=/Users/hemnepal/IdeaProjects/techjobs-oo}
20:29:25.669 [INFO] [org.gradle.launcher.daemon.server.DefaultIncomingConnectionHandler] Received command: Build{id=33f870a7-d847-4038-94ea-b8876334021e.1, currentDir=/Users/hemnepal/IdeaProjects/techjobs-oo}.
20:29:25.669 [DEBUG] [org.gradle.launcher.daemon.server.DefaultIncomingConnectionHandler] Starting executing command: Build{id=33f870a7-d847-4038-94ea-b8876334021e.1, currentDir=/Users/hemnepal/IdeaProjects/techjobs-oo} with connection: socket connection from /127.0.0.1:58579 to /127.0.0.1:58580.
20:29:25.681 [DEBUG] [org.gradle.launcher.daemon.server.DaemonStateCoordinator] Command execution: started DaemonCommandExecution[command = Build{id=33f870a7-d847-4038-94ea-b8876334021e.1, currentDir=/Users/hemnepal/IdeaProjects/techjobs-oo}, connection = org.gradle.launcher.daemon.server.DefaultDaemonConnection@18080119] after 0.0 minutes of idle
20:29:25.681 [INFO] [org.gradle.launcher.daemon.server.DomainRegistryUpdater] Marking the daemon as busy, address: [c5f4c872-7231-436f-ad8f-4fdc29da6cc9 port:58579, addresses:[/0:0:0:0:0:0:0:1, /127.0.0.1]]
20:29:25.682 [DEBUG] [org.gradle.launcher.daemon.registry.PersistentDaemonRegistry] Marking busy by address: [c5f4c872-7231-436f-ad8f-4fdc29da6cc9 port:58579, addresses:[/0:0:0:0:0:0:0:1, /127.0.0.1]]
20:29:25.682 [DEBUG] [org.gradle.cache.internal.DefaultFileLockManager] Waiting to acquire exclusive lock on daemon addresses registry.
20:29:25.683 [DEBUG] [org.gradle.cache.internal.DefaultFileLockManager] Lock acquired.
20:29:25.687 [DEBUG] [org.gradle.cache.internal.DefaultFileLockManager] Releasing lock on daemon addresses registry.
20:29:25.687 [DEBUG] [org.gradle.launcher.daemon.server.DaemonStateCoordinator] updating lastActivityAt to 1491960565687
20:29:25.688 [DEBUG] [org.gradle.launcher.daemon.server.DaemonStateCoordinator] Daemon is busy, sleeping until state changes.
20:29:25.689 [INFO] [org.gradle.launcher.daemon.server.exec.StartBuildOrRespondWithBusy] Daemon is about to start building Build{id=33f870a7-d847-4038-94ea-b8876334021e.1, currentDir=/Users/hemnepal/IdeaProjects/techjobs-oo}. Dispatching build started information...
20:29:25.689 [DEBUG] [org.gradle.launcher.daemon.server.SynchronizedDispatchConnection] thread 16: dispatching class org.gradle.launcher.daemon.protocol.BuildStarted
20:29:25.693 [DEBUG] [org.gradle.launcher.daemon.server.exec.EstablishBuildEnvironment] Configuring env variables: {PATH=/usr/bin:/bin:/usr/sbin:/sbin, SHELL=/bin/bash, USER=hemnepal, COMMAND_MODE=unix2003, TMPDIR=/var/folders/gp/d2hd31hx5nzf5v0_5pr7fv800000gn/T/, SSH_AUTH_SOCK=/private/tmp/com.apple.launchd.XLnXLrYk9W/Listeners, XPC_FLAGS=0x0, __CF_USER_TEXT_ENCODING=0x1F5:0x0:0x0, Apple_PubSub_Socket_Render=/private/tmp/com.apple.launchd.to2utaLncQ/Render, LOGNAME=hemnepal, XPC_SERVICE_NAME=com.apple.xpc.launchd.oneshot.0x1000000b.idea, HOME=/Users/hemnepal}
20:29:25.695 [DEBUG] [org.gradle.launcher.daemon.server.SynchronizedDispatchConnection] thread 14: received class org.gradle.launcher.daemon.protocol.CloseInput
20:29:25.695 [DEBUG] [org.gradle.launcher.daemon.server.DefaultDaemonConnection] Received IO message from client: org.gradle.launcher.daemon.protocol.CloseInput@5b032fe2
20:29:25.709 [DEBUG] [org.gradle.launcher.daemon.server.exec.LogToClient] About to start relaying all logs to the client via the connection.
20:29:25.710 [INFO] [org.gradle.launcher.daemon.server.exec.LogToClient] The client will now receive all logging from the daemon (pid: 1531). The daemon log file: /Users/hemnepal/IdeaProjects/techjobs-oo/gradle/daemon/2.13/daemon-1531.out.log
20:29:25.720 [INFO] [org.gradle.launcher.daemon.server.health.DaemonHealthTracker] Starting build in new daemon [memory: 954.7 MB]
20:29:25.721 [INFO] [org.gradle.launcher.daemon.server.exec.ForwardClientInput] Closing daemon's stdin at end of input.
20:29:25.722 [INFO] [org.gradle.launcher.daemon.server.exec.ForwardClientInput] The daemon will no longer process any standard input.
20:29:25.727 [DEBUG] [org.gradle.launcher.daemon.server.exec.ExecuteBuild] The daemon has started executing the build.
20:29:25.727 [INFO] [org.gradle.launcher.daemon.server.exec.ExecuteBuild] Executing build with daemon context: DefaultDaemonContext[uid=9bbf5e41-2aa1-4a7c-9cd1-327fe84a1491,javaHome=/Library/Java/JavaVirtualMachines/jdk1.8.0_121.jdk/Contents/Home,daemonRegistryDir=/Users/hemnepal/IdeaProjects/techjobs-oo/gradle/daemon,pid=1531,idleTimeout=60000,daemonOpts=-XX:MaxPermSize=256m,-XX:+HeapDumpOnOutOfMemoryError,-Xmx1024m,-Dfile.encoding=UTF-8,-Duser.country=US,-Duser.language=en,-Duser.variant]
:compileJava
:processResources
:classes
:findMainClass
:bootRun

  .   ____          _            __ _ _
 /\\ / ___'_ __ _ _(_)_ __  __ _ \ \ \ \
( ( )\___ | '_ | '_| | '_ \/ _` | \ \ \ \
 \\/  ___)| |_)| | | | | || (_| |  ) ) ) )
  '  |____| .__|_| |_|_| |_\__, | / / / /
 =========|_|==============|___/=/_/_/_/
 :: Spring Boot ::        (v1.4.4.RELEASE)

2017-04-11 20:29:39.650 DEBUG 1534 --- [  restartedMain] o.s.w.c.s.StandardServletEnvironment     : Adding [servletConfigInitParams] PropertySource with lowest search precedence
2017-04-11 20:29:39.655 DEBUG 1534 --- [  restartedMain] o.s.w.c.s.StandardServletEnvironment     : Adding [servletContextInitParams] PropertySource with lowest search precedence
2017-04-11 20:29:39.655 DEBUG 1534 --- [  restartedMain] o.s.w.c.s.StandardServletEnvironment     : Adding [systemProperties] PropertySource with lowest search precedence
2017-04-11 20:29:39.656 DEBUG 1534 --- [  restartedMain] o.s.w.c.s.StandardServletEnvironment     : Adding [systemEnvironment] PropertySource with lowest search precedence
2017-04-11 20:29:39.656 DEBUG 1534 --- [  restartedMain] o.s.w.c.s.StandardServletEnvironment     : Initialized StandardServletEnvironment with PropertySources [servletConfigInitParams,servletContextInitParams,systemProperties,systemEnvironment]
2017-04-11 20:29:44.737  INFO 1534 --- [  restartedMain] org.launchcode.TechjobsApplication       : Starting TechjobsApplication on Hems-MacBook-Air.local with PID 1534 (/Users/hemnepal/IdeaProjects/techjobs-oo/build/classes/main started by hemnepal in /Users/hemnepal/IdeaProjects/techjobs-oo)
2017-04-11 20:29:44.738  INFO 1534 --- [  restartedMain] org.launchcode.TechjobsApplication       : No active profile set, falling back to default profiles: default
2017-04-11 20:29:45.279  INFO 1534 --- [  restartedMain] ationConfigEmbeddedWebApplicationContext : Refreshing org.springframework.boot.context.embedded.AnnotationConfigEmbeddedWebApplicationContext@781e408f: startup date [Tue Apr 11 20:29:45 CDT 2017]; root of context hierarchy
2017-04-11 20:29:47.670 DEBUG 1534 --- [  restartedMain] o.s.w.c.s.StandardServletEnvironment     : Adding [applicationConfig: [classpath:/application.properties]] PropertySource with search precedence immediately lower than [applicationConfigurationProperties]
2017-04-11 20:29:47.670 DEBUG 1534 --- [  restartedMain] o.s.w.c.s.StandardServletEnvironment     : Removing [applicationConfigurationProperties] PropertySource
2017-04-11 20:29:47.670 DEBUG 1534 --- [  restartedMain] o.s.w.c.s.StandardServletEnvironment     : Removing [defaultProperties] PropertySource
2017-04-11 20:29:48.389  INFO 1534 --- [  restartedMain] s.b.c.e.t.TomcatEmbeddedServletContainer : Tomcat initialized with port(s): 8080 (http)
2017-04-11 20:29:48.404  INFO 1534 --- [  restartedMain] o.apache.catalina.core.StandardService   : Starting service Tomcat
2017-04-11 20:29:48.406  INFO 1534 --- [  restartedMain] org.apache.catalina.core.StandardEngine  : Starting Servlet Engine: Apache Tomcat/8.5.11
2017-04-11 20:29:48.518  INFO 1534 --- [ost-startStop-1] o.a.c.c.C.[Tomcat].[localhost].[/]       : Initializing Spring embedded WebApplicationContext
2017-04-11 20:29:48.518 DEBUG 1534 --- [ost-startStop-1] o.s.web.context.ContextLoader            : Published root WebApplicationContext as ServletContext attribute with name [org.springframework.web.context.WebApplicationContext.ROOT]
2017-04-11 20:29:48.518  INFO 1534 --- [ost-startStop-1] o.s.web.context.ContextLoader            : Root WebApplicationContext: initialization completed in 3247 ms
2017-04-11 20:29:48.648 DEBUG 1534 --- [ost-startStop-1] o.s.w.c.s.StandardServletEnvironment     : Adding [servletConfigInitParams] PropertySource with lowest search precedence
2017-04-11 20:29:48.648 DEBUG 1534 --- [ost-startStop-1] o.s.w.c.s.StandardServletEnvironment     : Adding [servletContextInitParams] PropertySource with lowest search precedence
2017-04-11 20:29:48.650 DEBUG 1534 --- [ost-startStop-1] o.s.w.c.s.StandardServletEnvironment     : Adding [systemProperties] PropertySource with lowest search precedence
2017-04-11 20:29:48.650 DEBUG 1534 --- [ost-startStop-1] o.s.w.c.s.StandardServletEnvironment     : Adding [systemEnvironment] PropertySource with lowest search precedence
2017-04-11 20:29:48.651 DEBUG 1534 --- [ost-startStop-1] o.s.w.c.s.StandardServletEnvironment     : Initialized StandardServletEnvironment with PropertySources [servletConfigInitParams,servletContextInitParams,systemProperties,systemEnvironment]
2017-04-11 20:29:48.679 DEBUG 1534 --- [ost-startStop-1] o.s.w.c.s.StandardServletEnvironment     : Adding [servletConfigInitParams] PropertySource with lowest search precedence
2017-04-11 20:29:48.679 DEBUG 1534 --- [ost-startStop-1] o.s.w.c.s.StandardServletEnvironment     : Adding [servletContextInitParams] PropertySource with lowest search precedence
2017-04-11 20:29:48.680 DEBUG 1534 --- [ost-startStop-1] o.s.w.c.s.StandardServletEnvironment     : Adding [systemProperties] PropertySource with lowest search precedence
2017-04-11 20:29:48.680 DEBUG 1534 --- [ost-startStop-1] o.s.w.c.s.StandardServletEnvironment     : Adding [systemEnvironment] PropertySource with lowest search precedence
2017-04-11 20:29:48.681 DEBUG 1534 --- [ost-startStop-1] o.s.w.c.s.StandardServletEnvironment     : Initialized StandardServletEnvironment with PropertySources [servletConfigInitParams,servletContextInitParams,systemProperties,systemEnvironment]
2017-04-11 20:29:48.699 DEBUG 1534 --- [ost-startStop-1] o.s.w.c.s.StandardServletEnvironment     : Adding [servletConfigInitParams] PropertySource with lowest search precedence
2017-04-11 20:29:48.701 DEBUG 1534 --- [ost-startStop-1] o.s.w.c.s.StandardServletEnvironment     : Adding [servletContextInitParams] PropertySource with lowest search precedence
2017-04-11 20:29:48.701 DEBUG 1534 --- [ost-startStop-1] o.s.w.c.s.StandardServletEnvironment     : Adding [systemProperties] PropertySource with lowest search precedence
2017-04-11 20:29:48.702 DEBUG 1534 --- [ost-startStop-1] o.s.w.c.s.StandardServletEnvironment     : Adding [systemEnvironment] PropertySource with lowest search precedence
2017-04-11 20:29:48.702 DEBUG 1534 --- [ost-startStop-1] o.s.w.c.s.StandardServletEnvironment     : Initialized StandardServletEnvironment with PropertySources [servletConfigInitParams,servletContextInitParams,systemProperties,systemEnvironment]
2017-04-11 20:29:48.721 DEBUG 1534 --- [ost-startStop-1] o.s.w.c.s.StandardServletEnvironment     : Adding [servletConfigInitParams] PropertySource with lowest search precedence
2017-04-11 20:29:48.721 DEBUG 1534 --- [ost-startStop-1] o.s.w.c.s.StandardServletEnvironment     : Adding [servletContextInitParams] PropertySource with lowest search precedence
2017-04-11 20:29:48.722 DEBUG 1534 --- [ost-startStop-1] o.s.w.c.s.StandardServletEnvironment     : Adding [systemProperties] PropertySource with lowest search precedence
2017-04-11 20:29:48.722 DEBUG 1534 --- [ost-startStop-1] o.s.w.c.s.StandardServletEnvironment     : Adding [systemEnvironment] PropertySource with lowest search precedence
2017-04-11 20:29:48.722 DEBUG 1534 --- [ost-startStop-1] o.s.w.c.s.StandardServletEnvironment     : Initialized StandardServletEnvironment with PropertySources [servletConfigInitParams,servletContextInitParams,systemProperties,systemEnvironment]
2017-04-11 20:29:48.739  INFO 1534 --- [ost-startStop-1] o.s.b.w.servlet.ServletRegistrationBean  : Mapping servlet: 'dispatcherServlet' to [/]
2017-04-11 20:29:48.743  INFO 1534 --- [ost-startStop-1] o.s.b.w.servlet.FilterRegistrationBean   : Mapping filter: 'characterEncodingFilter' to: [/*]
2017-04-11 20:29:48.744  INFO 1534 --- [ost-startStop-1] o.s.b.w.servlet.FilterRegistrationBean   : Mapping filter: 'hiddenHttpMethodFilter' to: [/*]
2017-04-11 20:29:48.745  INFO 1534 --- [ost-startStop-1] o.s.b.w.servlet.FilterRegistrationBean   : Mapping filter: 'httpPutFormContentFilter' to: [/*]
2017-04-11 20:29:48.745  INFO 1534 --- [ost-startStop-1] o.s.b.w.servlet.FilterRegistrationBean   : Mapping filter: 'requestContextFilter' to: [/*]
2017-04-11 20:29:48.778 DEBUG 1534 --- [  restartedMain] o.s.w.c.s.StandardServletEnvironment     : Replacing [servletContextInitParams] PropertySource with [servletContextInitParams]
2017-04-11 20:29:49.180  INFO 1534 --- [  restartedMain] s.w.s.m.m.a.RequestMappingHandlerAdapter : Looking for @ControllerAdvice: org.springframework.boot.context.embedded.AnnotationConfigEmbeddedWebApplicationContext@781e408f: startup date [Tue Apr 11 20:29:45 CDT 2017]; root of context hierarchy
2017-04-11 20:29:49.247 DEBUG 1534 --- [  restartedMain] s.w.s.m.m.a.RequestMappingHandlerMapping : Looking for request mappings in application context: org.springframework.boot.context.embedded.AnnotationConfigEmbeddedWebApplicationContext@781e408f: startup date [Tue Apr 11 20:29:45 CDT 2017]; root of context hierarchy
2017-04-11 20:29:49.260 DEBUG 1534 --- [  restartedMain] s.w.s.m.m.a.RequestMappingHandlerMapping : 1 request handler methods found on class org.launchcode.controllers.HomeController: {public java.lang.String org.launchcode.controllers.HomeController.index()={[]}}
2017-04-11 20:29:49.261  INFO 1534 --- [  restartedMain] s.w.s.m.m.a.RequestMappingHandlerMapping : Mapped "{[]}" onto public java.lang.String org.launchcode.controllers.HomeController.index()
2017-04-11 20:29:49.265 DEBUG 1534 --- [  restartedMain] s.w.s.m.m.a.RequestMappingHandlerMapping : 3 request handler methods found on class org.launchcode.controllers.JobController: {public java.lang.String org.launchcode.controllers.JobController.index(org.springframework.ui.Model,int)={[/job],methods=[GET]}, public java.lang.String org.launchcode.controllers.JobController.add(org.springframework.ui.Model,org.launchcode.models.forms.JobForm,org.springframework.validation.Errors)={[/job/add],methods=[POST]}, public java.lang.String org.launchcode.controllers.JobController.add(org.springframework.ui.Model)={[/job/add],methods=[GET]}}
2017-04-11 20:29:49.265  INFO 1534 --- [  restartedMain] s.w.s.m.m.a.RequestMappingHandlerMapping : Mapped "{[/job],methods=[GET]}" onto public java.lang.String org.launchcode.controllers.JobController.index(org.springframework.ui.Model,int)
2017-04-11 20:29:49.266  INFO 1534 --- [  restartedMain] s.w.s.m.m.a.RequestMappingHandlerMapping : Mapped "{[/job/add],methods=[POST]}" onto public java.lang.String org.launchcode.controllers.JobController.add(org.springframework.ui.Model,org.launchcode.models.forms.JobForm,org.springframework.validation.Errors)
2017-04-11 20:29:49.266  INFO 1534 --- [  restartedMain] s.w.s.m.m.a.RequestMappingHandlerMapping : Mapped "{[/job/add],methods=[GET]}" onto public java.lang.String org.launchcode.controllers.JobController.add(org.springframework.ui.Model)
2017-04-11 20:29:49.269 DEBUG 1534 --- [  restartedMain] s.w.s.m.m.a.RequestMappingHandlerMapping : 4 request handler methods found on class org.launchcode.controllers.ListController: {public java.lang.String org.launchcode.controllers.ListController.list(org.springframework.ui.Model)={[/list]}, public java.lang.String org.launchcode.controllers.ListController.listColumnValues(org.springframework.ui.Model,org.launchcode.models.JobFieldType)={[/list/values]}, public java.lang.String org.launchcode.controllers.ListController.listJobsByColumnAndValue(org.springframework.ui.Model,org.launchcode.models.JobFieldType,java.lang.String)={[/list/jobs]}, public java.lang.String org.launchcode.controllers.ListController.listAllJobs(org.springframework.ui.Model)={[/list/all]}}
2017-04-11 20:29:49.269  INFO 1534 --- [  restartedMain] s.w.s.m.m.a.RequestMappingHandlerMapping : Mapped "{[/list]}" onto public java.lang.String org.launchcode.controllers.ListController.list(org.springframework.ui.Model)
2017-04-11 20:29:49.270  INFO 1534 --- [  restartedMain] s.w.s.m.m.a.RequestMappingHandlerMapping : Mapped "{[/list/values]}" onto public java.lang.String org.launchcode.controllers.ListController.listColumnValues(org.springframework.ui.Model,org.launchcode.models.JobFieldType)
2017-04-11 20:29:49.270  INFO 1534 --- [  restartedMain] s.w.s.m.m.a.RequestMappingHandlerMapping : Mapped "{[/list/jobs]}" onto public java.lang.String org.launchcode.controllers.ListController.listJobsByColumnAndValue(org.springframework.ui.Model,org.launchcode.models.JobFieldType,java.lang.String)
2017-04-11 20:29:49.271  INFO 1534 --- [  restartedMain] s.w.s.m.m.a.RequestMappingHandlerMapping : Mapped "{[/list/all]}" onto public java.lang.String org.launchcode.controllers.ListController.listAllJobs(org.springframework.ui.Model)
2017-04-11 20:29:49.273 DEBUG 1534 --- [  restartedMain] s.w.s.m.m.a.RequestMappingHandlerMapping : 2 request handler methods found on class org.launchcode.controllers.SearchController: {public java.lang.String org.launchcode.controllers.SearchController.search(org.springframework.ui.Model)={[/search]}, public java.lang.String org.launchcode.controllers.SearchController.search(org.springframework.ui.Model,org.launchcode.models.forms.SearchForm)={[/search/results]}}
2017-04-11 20:29:49.274  INFO 1534 --- [  restartedMain] s.w.s.m.m.a.RequestMappingHandlerMapping : Mapped "{[/search]}" onto public java.lang.String org.launchcode.controllers.SearchController.search(org.springframework.ui.Model)
2017-04-11 20:29:49.274  INFO 1534 --- [  restartedMain] s.w.s.m.m.a.RequestMappingHandlerMapping : Mapped "{[/search/results]}" onto public java.lang.String org.launchcode.controllers.SearchController.search(org.springframework.ui.Model,org.launchcode.models.forms.SearchForm)
2017-04-11 20:29:49.279 DEBUG 1534 --- [  restartedMain] s.w.s.m.m.a.RequestMappingHandlerMapping : 2 request handler methods found on class org.springframework.boot.autoconfigure.web.BasicErrorController: {public org.springframework.http.ResponseEntity org.springframework.boot.autoconfigure.web.BasicErrorController.error(javax.servlet.http.HttpServletRequest)={[/error]}, public org.springframework.web.servlet.ModelAndView org.springframework.boot.autoconfigure.web.BasicErrorController.errorHtml(javax.servlet.http.HttpServletRequest,javax.servlet.http.HttpServletResponse)={[/error],produces=[text/html]}}
2017-04-11 20:29:49.279  INFO 1534 --- [  restartedMain] s.w.s.m.m.a.RequestMappingHandlerMapping : Mapped "{[/error]}" onto public org.springframework.http.ResponseEntity<java.util.Map<java.lang.String, java.lang.Object>> org.springframework.boot.autoconfigure.web.BasicErrorController.error(javax.servlet.http.HttpServletRequest)
2017-04-11 20:29:49.280  INFO 1534 --- [  restartedMain] s.w.s.m.m.a.RequestMappingHandlerMapping : Mapped "{[/error],produces=[text/html]}" onto public org.springframework.web.servlet.ModelAndView org.springframework.boot.autoconfigure.web.BasicErrorController.errorHtml(javax.servlet.http.HttpServletRequest,javax.servlet.http.HttpServletResponse)
2017-04-11 20:29:49.308 DEBUG 1534 --- [  restartedMain] o.s.w.s.h.BeanNameUrlHandlerMapping      : Looking for URL mappings in application context: org.springframework.boot.context.embedded.AnnotationConfigEmbeddedWebApplicationContext@781e408f: startup date [Tue Apr 11 20:29:45 CDT 2017]; root of context hierarchy
2017-04-11 20:29:49.308 DEBUG 1534 --- [  restartedMain] o.s.w.s.h.BeanNameUrlHandlerMapping      : Rejected bean name 'org.springframework.context.annotation.internalConfigurationAnnotationProcessor': no URL paths identified
2017-04-11 20:29:49.308 DEBUG 1534 --- [  restartedMain] o.s.w.s.h.BeanNameUrlHandlerMapping      : Rejected bean name 'org.springframework.context.annotation.internalAutowiredAnnotationProcessor': no URL paths identified
2017-04-11 20:29:49.308 DEBUG 1534 --- [  restartedMain] o.s.w.s.h.BeanNameUrlHandlerMapping      : Rejected bean name 'org.springframework.context.annotation.internalRequiredAnnotationProcessor': no URL paths identified
2017-04-11 20:29:49.309 DEBUG 1534 --- [  restartedMain] o.s.w.s.h.BeanNameUrlHandlerMapping      : Rejected bean name 'org.springframework.context.annotation.internalCommonAnnotationProcessor': no URL paths identified
2017-04-11 20:29:49.309 DEBUG 1534 --- [  restartedMain] o.s.w.s.h.BeanNameUrlHandlerMapping      : Rejected bean name 'org.springframework.context.event.internalEventListenerProcessor': no URL paths identified
2017-04-11 20:29:49.309 DEBUG 1534 --- [  restartedMain] o.s.w.s.h.BeanNameUrlHandlerMapping      : Rejected bean name 'org.springframework.context.event.internalEventListenerFactory': no URL paths identified
2017-04-11 20:29:49.310 DEBUG 1534 --- [  restartedMain] o.s.w.s.h.BeanNameUrlHandlerMapping      : Rejected bean name 'techjobsApplication': no URL paths identified
2017-04-11 20:29:49.310 DEBUG 1534 --- [  restartedMain] o.s.w.s.h.BeanNameUrlHandlerMapping      : Rejected bean name 'org.springframework.boot.autoconfigure.internalCachingMetadataReaderFactory': no URL paths identified
2017-04-11 20:29:49.311 DEBUG 1534 --- [  restartedMain] o.s.w.s.h.BeanNameUrlHandlerMapping      : Rejected bean name 'homeController': no URL paths identified
2017-04-11 20:29:49.311 DEBUG 1534 --- [  restartedMain] o.s.w.s.h.BeanNameUrlHandlerMapping      : Rejected bean name 'jobController': no URL paths identified
2017-04-11 20:29:49.312 DEBUG 1534 --- [  restartedMain] o.s.w.s.h.BeanNameUrlHandlerMapping      : Rejected bean name 'listController': no URL paths identified
2017-04-11 20:29:49.312 DEBUG 1534 --- [  restartedMain] o.s.w.s.h.BeanNameUrlHandlerMapping      : Rejected bean name 'searchController': no URL paths identified
2017-04-11 20:29:49.313 DEBUG 1534 --- [  restartedMain] o.s.w.s.h.BeanNameUrlHandlerMapping      : Rejected bean name 'org.springframework.boot.autoconfigure.AutoConfigurationPackages': no URL paths identified
2017-04-11 20:29:49.313 DEBUG 1534 --- [  restartedMain] o.s.w.s.h.BeanNameUrlHandlerMapping      : Rejected bean name 'org.springframework.boot.autoconfigure.PropertyPlaceholderAutoConfiguration': no URL paths identified
2017-04-11 20:29:49.313 DEBUG 1534 --- [  restartedMain] o.s.w.s.h.BeanNameUrlHandlerMapping      : Rejected bean name 'org.springframework.boot.autoconfigure.condition.BeanTypeRegistry': no URL paths identified
2017-04-11 20:29:49.313 DEBUG 1534 --- [  restartedMain] o.s.w.s.h.BeanNameUrlHandlerMapping      : Rejected bean name 'propertySourcesPlaceholderConfigurer': no URL paths identified
2017-04-11 20:29:49.314 DEBUG 1534 --- [  restartedMain] o.s.w.s.h.BeanNameUrlHandlerMapping      : Rejected bean name 'org.springframework.boot.autoconfigure.jackson.JacksonAutoConfiguration$Jackson2ObjectMapperBuilderCustomizerConfiguration': no URL paths identified
2017-04-11 20:29:49.315 DEBUG 1534 --- [  restartedMain] o.s.w.s.h.BeanNameUrlHandlerMapping      : Rejected bean name 'standardJacksonObjectMapperBuilderCustomizer': no URL paths identified
2017-04-11 20:29:49.315 DEBUG 1534 --- [  restartedMain] o.s.w.s.h.BeanNameUrlHandlerMapping      : Rejected bean name 'spring.jackson-org.springframework.boot.autoconfigure.jackson.JacksonProperties': no URL paths identified
2017-04-11 20:29:49.315 DEBUG 1534 --- [  restartedMain] o.s.w.s.h.BeanNameUrlHandlerMapping      : Rejected bean name 'org.springframework.boot.context.properties.ConfigurationPropertiesBindingPostProcessor': no URL paths identified
2017-04-11 20:29:49.316 DEBUG 1534 --- [  restartedMain] o.s.w.s.h.BeanNameUrlHandlerMapping      : Rejected bean name 'org.springframework.boot.context.properties.ConfigurationPropertiesBindingPostProcessor.store': no URL paths identified
2017-04-11 20:29:49.317 DEBUG 1534 --- [  restartedMain] o.s.w.s.h.BeanNameUrlHandlerMapping      : Rejected bean name 'org.springframework.boot.autoconfigure.jackson.JacksonAutoConfiguration$JacksonObjectMapperBuilderConfiguration': no URL paths identified
2017-04-11 20:29:49.317 DEBUG 1534 --- [  restartedMain] o.s.w.s.h.BeanNameUrlHandlerMapping      : Rejected bean name 'jacksonObjectMapperBuilder': no URL paths identified
2017-04-11 20:29:49.317 DEBUG 1534 --- [  restartedMain] o.s.w.s.h.BeanNameUrlHandlerMapping      : Rejected bean name 'org.springframework.boot.autoconfigure.jackson.JacksonAutoConfiguration$JacksonObjectMapperConfiguration': no URL paths identified
2017-04-11 20:29:49.317 DEBUG 1534 --- [  restartedMain] o.s.w.s.h.BeanNameUrlHandlerMapping      : Rejected bean name 'jacksonObjectMapper': no URL paths identified
2017-04-11 20:29:49.317 DEBUG 1534 --- [  restartedMain] o.s.w.s.h.BeanNameUrlHandlerMapping      : Rejected bean name 'org.springframework.boot.autoconfigure.jackson.JacksonAutoConfiguration': no URL paths identified
2017-04-11 20:29:49.318 DEBUG 1534 --- [  restartedMain] o.s.w.s.h.BeanNameUrlHandlerMapping      : Rejected bean name 'jsonComponentModule': no URL paths identified
2017-04-11 20:29:49.318 DEBUG 1534 --- [  restartedMain] o.s.w.s.h.BeanNameUrlHandlerMapping      : Rejected bean name 'org.springframework.boot.autoconfigure.websocket.WebSocketAutoConfiguration$TomcatWebSocketConfiguration': no URL paths identified
2017-04-11 20:29:49.318 DEBUG 1534 --- [  restartedMain] o.s.w.s.h.BeanNameUrlHandlerMapping      : Rejected bean name 'websocketContainerCustomizer': no URL paths identified
2017-04-11 20:29:49.318 DEBUG 1534 --- [  restartedMain] o.s.w.s.h.BeanNameUrlHandlerMapping      : Rejected bean name 'org.springframework.boot.autoconfigure.websocket.WebSocketAutoConfiguration': no URL paths identified
2017-04-11 20:29:49.319 DEBUG 1534 --- [  restartedMain] o.s.w.s.h.BeanNameUrlHandlerMapping      : Rejected bean name 'org.springframework.boot.autoconfigure.web.EmbeddedServletContainerAutoConfiguration$EmbeddedTomcat': no URL paths identified
2017-04-11 20:29:49.319 DEBUG 1534 --- [  restartedMain] o.s.w.s.h.BeanNameUrlHandlerMapping      : Rejected bean name 'tomcatEmbeddedServletContainerFactory': no URL paths identified
2017-04-11 20:29:49.319 DEBUG 1534 --- [  restartedMain] o.s.w.s.h.BeanNameUrlHandlerMapping      : Rejected bean name 'org.springframework.boot.autoconfigure.web.EmbeddedServletContainerAutoConfiguration': no URL paths identified
2017-04-11 20:29:49.319 DEBUG 1534 --- [  restartedMain] o.s.w.s.h.BeanNameUrlHandlerMapping      : Rejected bean name 'embeddedServletContainerCustomizerBeanPostProcessor': no URL paths identified
2017-04-11 20:29:49.319 DEBUG 1534 --- [  restartedMain] o.s.w.s.h.BeanNameUrlHandlerMapping      : Rejected bean name 'errorPageRegistrarBeanPostProcessor': no URL paths identified
2017-04-11 20:29:49.320 DEBUG 1534 --- [  restartedMain] o.s.w.s.h.BeanNameUrlHandlerMapping      : Rejected bean name 'org.springframework.boot.autoconfigure.web.DispatcherServletAutoConfiguration$DispatcherServletConfiguration': no URL paths identified
2017-04-11 20:29:49.320 DEBUG 1534 --- [  restartedMain] o.s.w.s.h.BeanNameUrlHandlerMapping      : Rejected bean name 'dispatcherServlet': no URL paths identified
2017-04-11 20:29:49.320 DEBUG 1534 --- [  restartedMain] o.s.w.s.h.BeanNameUrlHandlerMapping      : Rejected bean name 'spring.mvc-org.springframework.boot.autoconfigure.web.WebMvcProperties': no URL paths identified
2017-04-11 20:29:49.320 DEBUG 1534 --- [  restartedMain] o.s.w.s.h.BeanNameUrlHandlerMapping      : Rejected bean name 'org.springframework.boot.autoconfigure.web.DispatcherServletAutoConfiguration$DispatcherServletRegistrationConfiguration': no URL paths identified
2017-04-11 20:29:49.320 DEBUG 1534 --- [  restartedMain] o.s.w.s.h.BeanNameUrlHandlerMapping      : Rejected bean name 'dispatcherServletRegistration': no URL paths identified
2017-04-11 20:29:49.322 DEBUG 1534 --- [  restartedMain] o.s.w.s.h.BeanNameUrlHandlerMapping      : Rejected bean name 'org.springframework.boot.autoconfigure.web.DispatcherServletAutoConfiguration': no URL paths identified
2017-04-11 20:29:49.323 DEBUG 1534 --- [  restartedMain] o.s.w.s.h.BeanNameUrlHandlerMapping      : Rejected bean name 'org.springframework.boot.autoconfigure.web.ErrorMvcAutoConfiguration$WhitelabelErrorViewConfiguration': no URL paths identified
2017-04-11 20:29:49.323 DEBUG 1534 --- [  restartedMain] o.s.w.s.h.BeanNameUrlHandlerMapping      : Rejected bean name 'error': no URL paths identified
2017-04-11 20:29:49.324 DEBUG 1534 --- [  restartedMain] o.s.w.s.h.BeanNameUrlHandlerMapping      : Rejected bean name 'beanNameViewResolver': no URL paths identified
2017-04-11 20:29:49.325 DEBUG 1534 --- [  restartedMain] o.s.w.s.h.BeanNameUrlHandlerMapping      : Rejected bean name 'org.springframework.boot.autoconfigure.web.ErrorMvcAutoConfiguration': no URL paths identified
2017-04-11 20:29:49.325 DEBUG 1534 --- [  restartedMain] o.s.w.s.h.BeanNameUrlHandlerMapping      : Rejected bean name 'errorAttributes': no URL paths identified
2017-04-11 20:29:49.326 DEBUG 1534 --- [  restartedMain] o.s.w.s.h.BeanNameUrlHandlerMapping      : Rejected bean name 'basicErrorController': no URL paths identified
2017-04-11 20:29:49.326 DEBUG 1534 --- [  restartedMain] o.s.w.s.h.BeanNameUrlHandlerMapping      : Rejected bean name 'errorPageCustomizer': no URL paths identified
2017-04-11 20:29:49.327 DEBUG 1534 --- [  restartedMain] o.s.w.s.h.BeanNameUrlHandlerMapping      : Rejected bean name 'conventionErrorViewResolver': no URL paths identified
2017-04-11 20:29:49.328 DEBUG 1534 --- [  restartedMain] o.s.w.s.h.BeanNameUrlHandlerMapping      : Rejected bean name 'preserveErrorControllerTargetClassPostProcessor': no URL paths identified
2017-04-11 20:29:49.328 DEBUG 1534 --- [  restartedMain] o.s.w.s.h.BeanNameUrlHandlerMapping      : Rejected bean name 'spring.resources-org.springframework.boot.autoconfigure.web.ResourceProperties': no URL paths identified
2017-04-11 20:29:49.329 DEBUG 1534 --- [  restartedMain] o.s.w.s.h.BeanNameUrlHandlerMapping      : Rejected bean name 'org.springframework.boot.autoconfigure.web.WebMvcAutoConfiguration$EnableWebMvcConfiguration': no URL paths identified
2017-04-11 20:29:49.331 DEBUG 1534 --- [  restartedMain] o.s.w.s.h.BeanNameUrlHandlerMapping      : Rejected bean name 'requestMappingHandlerAdapter': no URL paths identified
2017-04-11 20:29:49.332 DEBUG 1534 --- [  restartedMain] o.s.w.s.h.BeanNameUrlHandlerMapping      : Rejected bean name 'requestMappingHandlerMapping': no URL paths identified
2017-04-11 20:29:49.333 DEBUG 1534 --- [  restartedMain] o.s.w.s.h.BeanNameUrlHandlerMapping      : Rejected bean name 'mvcPathMatcher': no URL paths identified
2017-04-11 20:29:49.333 DEBUG 1534 --- [  restartedMain] o.s.w.s.h.BeanNameUrlHandlerMapping      : Rejected bean name 'mvcUrlPathHelper': no URL paths identified
2017-04-11 20:29:49.336 DEBUG 1534 --- [  restartedMain] o.s.w.s.h.BeanNameUrlHandlerMapping      : Rejected bean name 'mvcContentNegotiationManager': no URL paths identified
2017-04-11 20:29:49.337 DEBUG 1534 --- [  restartedMain] o.s.w.s.h.BeanNameUrlHandlerMapping      : Rejected bean name 'viewControllerHandlerMapping': no URL paths identified
2017-04-11 20:29:49.337 DEBUG 1534 --- [  restartedMain] o.s.w.s.h.BeanNameUrlHandlerMapping      : Rejected bean name 'beanNameHandlerMapping': no URL paths identified
2017-04-11 20:29:49.338 DEBUG 1534 --- [  restartedMain] o.s.w.s.h.BeanNameUrlHandlerMapping      : Rejected bean name 'resourceHandlerMapping': no URL paths identified
2017-04-11 20:29:49.339 DEBUG 1534 --- [  restartedMain] o.s.w.s.h.BeanNameUrlHandlerMapping      : Rejected bean name 'mvcResourceUrlProvider': no URL paths identified
2017-04-11 20:29:49.339 DEBUG 1534 --- [  restartedMain] o.s.w.s.h.BeanNameUrlHandlerMapping      : Rejected bean name 'defaultServletHandlerMapping': no URL paths identified
2017-04-11 20:29:49.339 DEBUG 1534 --- [  restartedMain] o.s.w.s.h.BeanNameUrlHandlerMapping      : Rejected bean name 'mvcConversionService': no URL paths identified
2017-04-11 20:29:49.339 DEBUG 1534 --- [  restartedMain] o.s.w.s.h.BeanNameUrlHandlerMapping      : Rejected bean name 'mvcValidator': no URL paths identified
2017-04-11 20:29:49.340 DEBUG 1534 --- [  restartedMain] o.s.w.s.h.BeanNameUrlHandlerMapping      : Rejected bean name 'mvcUriComponentsContributor': no URL paths identified
2017-04-11 20:29:49.340 DEBUG 1534 --- [  restartedMain] o.s.w.s.h.BeanNameUrlHandlerMapping      : Rejected bean name 'httpRequestHandlerAdapter': no URL paths identified
2017-04-11 20:29:49.340 DEBUG 1534 --- [  restartedMain] o.s.w.s.h.BeanNameUrlHandlerMapping      : Rejected bean name 'simpleControllerHandlerAdapter': no URL paths identified
2017-04-11 20:29:49.341 DEBUG 1534 --- [  restartedMain] o.s.w.s.h.BeanNameUrlHandlerMapping      : Rejected bean name 'handlerExceptionResolver': no URL paths identified
2017-04-11 20:29:49.341 DEBUG 1534 --- [  restartedMain] o.s.w.s.h.BeanNameUrlHandlerMapping      : Rejected bean name 'mvcViewResolver': no URL paths identified
2017-04-11 20:29:49.342 DEBUG 1534 --- [  restartedMain] o.s.w.s.h.BeanNameUrlHandlerMapping      : Rejected bean name 'org.springframework.boot.autoconfigure.web.WebMvcAutoConfiguration$WebMvcAutoConfigurationAdapter$FaviconConfiguration': no URL paths identified
2017-04-11 20:29:49.343 DEBUG 1534 --- [  restartedMain] o.s.w.s.h.BeanNameUrlHandlerMapping      : Rejected bean name 'faviconHandlerMapping': no URL paths identified
2017-04-11 20:29:49.343 DEBUG 1534 --- [  restartedMain] o.s.w.s.h.BeanNameUrlHandlerMapping      : Rejected bean name 'faviconRequestHandler': no URL paths identified
2017-04-11 20:29:49.344 DEBUG 1534 --- [  restartedMain] o.s.w.s.h.BeanNameUrlHandlerMapping      : Rejected bean name 'org.springframework.boot.autoconfigure.web.WebMvcAutoConfiguration$WebMvcAutoConfigurationAdapter': no URL paths identified
2017-04-11 20:29:49.345 DEBUG 1534 --- [  restartedMain] o.s.w.s.h.BeanNameUrlHandlerMapping      : Rejected bean name 'defaultViewResolver': no URL paths identified
2017-04-11 20:29:49.346 DEBUG 1534 --- [  restartedMain] o.s.w.s.h.BeanNameUrlHandlerMapping      : Rejected bean name 'viewResolver': no URL paths identified
2017-04-11 20:29:49.346 DEBUG 1534 --- [  restartedMain] o.s.w.s.h.BeanNameUrlHandlerMapping      : Rejected bean name 'welcomePageHandlerMapping': no URL paths identified
2017-04-11 20:29:49.347 DEBUG 1534 --- [  restartedMain] o.s.w.s.h.BeanNameUrlHandlerMapping      : Rejected bean name 'requestContextFilter': no URL paths identified
2017-04-11 20:29:49.347 DEBUG 1534 --- [  restartedMain] o.s.w.s.h.BeanNameUrlHandlerMapping      : Rejected bean name 'org.springframework.boot.autoconfigure.web.WebMvcAutoConfiguration': no URL paths identified
2017-04-11 20:29:49.347 DEBUG 1534 --- [  restartedMain] o.s.w.s.h.BeanNameUrlHandlerMapping      : Rejected bean name 'hiddenHttpMethodFilter': no URL paths identified
2017-04-11 20:29:49.347 DEBUG 1534 --- [  restartedMain] o.s.w.s.h.BeanNameUrlHandlerMapping      : Rejected bean name 'httpPutFormContentFilter': no URL paths identified
2017-04-11 20:29:49.347 DEBUG 1534 --- [  restartedMain] o.s.w.s.h.BeanNameUrlHandlerMapping      : Rejected bean name 'org.springframework.boot.autoconfigure.jmx.JmxAutoConfiguration': no URL paths identified
2017-04-11 20:29:49.348 DEBUG 1534 --- [  restartedMain] o.s.w.s.h.BeanNameUrlHandlerMapping      : Rejected bean name 'mbeanExporter': no URL paths identified
2017-04-11 20:29:49.348 DEBUG 1534 --- [  restartedMain] o.s.w.s.h.BeanNameUrlHandlerMapping      : Rejected bean name 'objectNamingStrategy': no URL paths identified
2017-04-11 20:29:49.348 DEBUG 1534 --- [  restartedMain] o.s.w.s.h.BeanNameUrlHandlerMapping      : Rejected bean name 'mbeanServer': no URL paths identified
2017-04-11 20:29:49.349 DEBUG 1534 --- [  restartedMain] o.s.w.s.h.BeanNameUrlHandlerMapping      : Rejected bean name 'org.springframework.boot.autoconfigure.context.ConfigurationPropertiesAutoConfiguration': no URL paths identified
2017-04-11 20:29:49.349 DEBUG 1534 --- [  restartedMain] o.s.w.s.h.BeanNameUrlHandlerMapping      : Rejected bean name 'org.springframework.boot.autoconfigure.web.HttpMessageConvertersAutoConfiguration$StringHttpMessageConverterConfiguration': no URL paths identified
2017-04-11 20:29:49.350 DEBUG 1534 --- [  restartedMain] o.s.w.s.h.BeanNameUrlHandlerMapping      : Rejected bean name 'stringHttpMessageConverter': no URL paths identified
2017-04-11 20:29:49.350 DEBUG 1534 --- [  restartedMain] o.s.w.s.h.BeanNameUrlHandlerMapping      : Rejected bean name 'spring.http.encoding-org.springframework.boot.autoconfigure.web.HttpEncodingProperties': no URL paths identified
2017-04-11 20:29:49.350 DEBUG 1534 --- [  restartedMain] o.s.w.s.h.BeanNameUrlHandlerMapping      : Rejected bean name 'org.springframework.boot.autoconfigure.web.JacksonHttpMessageConvertersConfiguration$MappingJackson2HttpMessageConverterConfiguration': no URL paths identified
2017-04-11 20:29:49.351 DEBUG 1534 --- [  restartedMain] o.s.w.s.h.BeanNameUrlHandlerMapping      : Rejected bean name 'mappingJackson2HttpMessageConverter': no URL paths identified
2017-04-11 20:29:49.351 DEBUG 1534 --- [  restartedMain] o.s.w.s.h.BeanNameUrlHandlerMapping      : Rejected bean name 'org.springframework.boot.autoconfigure.web.JacksonHttpMessageConvertersConfiguration': no URL paths identified
2017-04-11 20:29:49.351 DEBUG 1534 --- [  restartedMain] o.s.w.s.h.BeanNameUrlHandlerMapping      : Rejected bean name 'org.springframework.boot.autoconfigure.web.HttpMessageConvertersAutoConfiguration': no URL paths identified
2017-04-11 20:29:49.352 DEBUG 1534 --- [  restartedMain] o.s.w.s.h.BeanNameUrlHandlerMapping      : Rejected bean name 'messageConverters': no URL paths identified
2017-04-11 20:29:49.352 DEBUG 1534 --- [  restartedMain] o.s.w.s.h.BeanNameUrlHandlerMapping      : Rejected bean name 'org.springframework.boot.autoconfigure.info.ProjectInfoAutoConfiguration': no URL paths identified
2017-04-11 20:29:49.352 DEBUG 1534 --- [  restartedMain] o.s.w.s.h.BeanNameUrlHandlerMapping      : Rejected bean name 'spring.info-org.springframework.boot.autoconfigure.info.ProjectInfoProperties': no URL paths identified
2017-04-11 20:29:49.352 DEBUG 1534 --- [  restartedMain] o.s.w.s.h.BeanNameUrlHandlerMapping      : Rejected bean name 'org.springframework.boot.autoconfigure.thymeleaf.ThymeleafAutoConfiguration$ThymeleafResourceHandlingConfig': no URL paths identified
2017-04-11 20:29:49.353 DEBUG 1534 --- [  restartedMain] o.s.w.s.h.BeanNameUrlHandlerMapping      : Rejected bean name 'org.springframework.boot.autoconfigure.thymeleaf.ThymeleafAutoConfiguration$ThymeleafWebLayoutConfiguration': no URL paths identified
2017-04-11 20:29:49.353 DEBUG 1534 --- [  restartedMain] o.s.w.s.h.BeanNameUrlHandlerMapping      : Rejected bean name 'layoutDialect': no URL paths identified
2017-04-11 20:29:49.353 DEBUG 1534 --- [  restartedMain] o.s.w.s.h.BeanNameUrlHandlerMapping      : Rejected bean name 'org.springframework.boot.autoconfigure.thymeleaf.ThymeleafAutoConfiguration$ThymeleafDefaultConfiguration': no URL paths identified
2017-04-11 20:29:49.353 DEBUG 1534 --- [  restartedMain] o.s.w.s.h.BeanNameUrlHandlerMapping      : Rejected bean name 'templateEngine': no URL paths identified
2017-04-11 20:29:49.354 DEBUG 1534 --- [  restartedMain] o.s.w.s.h.BeanNameUrlHandlerMapping      : Rejected bean name 'org.springframework.boot.autoconfigure.thymeleaf.ThymeleafAutoConfiguration$Thymeleaf2Configuration$Thymeleaf2ViewResolverConfiguration': no URL paths identified
2017-04-11 20:29:49.354 DEBUG 1534 --- [  restartedMain] o.s.w.s.h.BeanNameUrlHandlerMapping      : Rejected bean name 'thymeleafViewResolver': no URL paths identified
2017-04-11 20:29:49.355 DEBUG 1534 --- [  restartedMain] o.s.w.s.h.BeanNameUrlHandlerMapping      : Rejected bean name 'org.springframework.boot.autoconfigure.thymeleaf.ThymeleafAutoConfiguration$Thymeleaf2Configuration$DefaultTemplateResolverConfiguration': no URL paths identified
2017-04-11 20:29:49.355 DEBUG 1534 --- [  restartedMain] o.s.w.s.h.BeanNameUrlHandlerMapping      : Rejected bean name 'thymeleafResourceResolver': no URL paths identified
2017-04-11 20:29:49.355 DEBUG 1534 --- [  restartedMain] o.s.w.s.h.BeanNameUrlHandlerMapping      : Rejected bean name 'defaultTemplateResolver': no URL paths identified
2017-04-11 20:29:49.356 DEBUG 1534 --- [  restartedMain] o.s.w.s.h.BeanNameUrlHandlerMapping      : Rejected bean name 'org.springframework.boot.autoconfigure.thymeleaf.ThymeleafAutoConfiguration$Thymeleaf2Configuration': no URL paths identified
2017-04-11 20:29:49.356 DEBUG 1534 --- [  restartedMain] o.s.w.s.h.BeanNameUrlHandlerMapping      : Rejected bean name 'org.springframework.boot.autoconfigure.thymeleaf.ThymeleafAutoConfiguration': no URL paths identified
2017-04-11 20:29:49.357 DEBUG 1534 --- [  restartedMain] o.s.w.s.h.BeanNameUrlHandlerMapping      : Rejected bean name 'spring.thymeleaf-org.springframework.boot.autoconfigure.thymeleaf.ThymeleafProperties': no URL paths identified
2017-04-11 20:29:49.358 DEBUG 1534 --- [  restartedMain] o.s.w.s.h.BeanNameUrlHandlerMapping      : Rejected bean name 'org.springframework.boot.autoconfigure.web.HttpEncodingAutoConfiguration': no URL paths identified
2017-04-11 20:29:49.358 DEBUG 1534 --- [  restartedMain] o.s.w.s.h.BeanNameUrlHandlerMapping      : Rejected bean name 'characterEncodingFilter': no URL paths identified
2017-04-11 20:29:49.358 DEBUG 1534 --- [  restartedMain] o.s.w.s.h.BeanNameUrlHandlerMapping      : Rejected bean name 'localeCharsetMappingsCustomizer': no URL paths identified
2017-04-11 20:29:49.358 DEBUG 1534 --- [  restartedMain] o.s.w.s.h.BeanNameUrlHandlerMapping      : Rejected bean name 'org.springframework.boot.autoconfigure.web.MultipartAutoConfiguration': no URL paths identified
2017-04-11 20:29:49.359 DEBUG 1534 --- [  restartedMain] o.s.w.s.h.BeanNameUrlHandlerMapping      : Rejected bean name 'multipartConfigElement': no URL paths identified
2017-04-11 20:29:49.360 DEBUG 1534 --- [  restartedMain] o.s.w.s.h.BeanNameUrlHandlerMapping      : Rejected bean name 'multipartResolver': no URL paths identified
2017-04-11 20:29:49.360 DEBUG 1534 --- [  restartedMain] o.s.w.s.h.BeanNameUrlHandlerMapping      : Rejected bean name 'spring.http.multipart-org.springframework.boot.autoconfigure.web.MultipartProperties': no URL paths identified
2017-04-11 20:29:49.360 DEBUG 1534 --- [  restartedMain] o.s.w.s.h.BeanNameUrlHandlerMapping      : Rejected bean name 'org.springframework.boot.autoconfigure.web.ServerPropertiesAutoConfiguration': no URL paths identified
2017-04-11 20:29:49.360 DEBUG 1534 --- [  restartedMain] o.s.w.s.h.BeanNameUrlHandlerMapping      : Rejected bean name 'serverProperties': no URL paths identified
2017-04-11 20:29:49.361 DEBUG 1534 --- [  restartedMain] o.s.w.s.h.BeanNameUrlHandlerMapping      : Rejected bean name 'duplicateServerPropertiesDetector': no URL paths identified
2017-04-11 20:29:49.361 DEBUG 1534 --- [  restartedMain] o.s.w.s.h.BeanNameUrlHandlerMapping      : Rejected bean name 'org.springframework.boot.autoconfigure.web.WebClientAutoConfiguration$RestTemplateConfiguration': no URL paths identified
2017-04-11 20:29:49.361 DEBUG 1534 --- [  restartedMain] o.s.w.s.h.BeanNameUrlHandlerMapping      : Rejected bean name 'restTemplateBuilder': no URL paths identified
2017-04-11 20:29:49.361 DEBUG 1534 --- [  restartedMain] o.s.w.s.h.BeanNameUrlHandlerMapping      : Rejected bean name 'org.springframework.boot.autoconfigure.web.WebClientAutoConfiguration': no URL paths identified
2017-04-11 20:29:49.362 DEBUG 1534 --- [  restartedMain] o.s.w.s.h.BeanNameUrlHandlerMapping      : Rejected bean name 'org.springframework.boot.devtools.autoconfigure.LocalDevToolsAutoConfiguration$RestartConfiguration': no URL paths identified
2017-04-11 20:29:49.363 DEBUG 1534 --- [  restartedMain] o.s.w.s.h.BeanNameUrlHandlerMapping      : Rejected bean name 'classPathFileSystemWatcher': no URL paths identified
2017-04-11 20:29:49.363 DEBUG 1534 --- [  restartedMain] o.s.w.s.h.BeanNameUrlHandlerMapping      : Rejected bean name 'classPathRestartStrategy': no URL paths identified
2017-04-11 20:29:49.363 DEBUG 1534 --- [  restartedMain] o.s.w.s.h.BeanNameUrlHandlerMapping      : Rejected bean name 'hateoasObjenesisCacheDisabler': no URL paths identified
2017-04-11 20:29:49.364 DEBUG 1534 --- [  restartedMain] o.s.w.s.h.BeanNameUrlHandlerMapping      : Rejected bean name 'fileSystemWatcherFactory': no URL paths identified
2017-04-11 20:29:49.364 DEBUG 1534 --- [  restartedMain] o.s.w.s.h.BeanNameUrlHandlerMapping      : Rejected bean name 'org.springframework.boot.devtools.autoconfigure.LocalDevToolsAutoConfiguration$LiveReloadConfiguration': no URL paths identified
2017-04-11 20:29:49.364 DEBUG 1534 --- [  restartedMain] o.s.w.s.h.BeanNameUrlHandlerMapping      : Rejected bean name 'liveReloadServer': no URL paths identified
2017-04-11 20:29:49.364 DEBUG 1534 --- [  restartedMain] o.s.w.s.h.BeanNameUrlHandlerMapping      : Rejected bean name 'optionalLiveReloadServer': no URL paths identified
2017-04-11 20:29:49.365 DEBUG 1534 --- [  restartedMain] o.s.w.s.h.BeanNameUrlHandlerMapping      : Rejected bean name 'org.springframework.boot.devtools.autoconfigure.LocalDevToolsAutoConfiguration': no URL paths identified
2017-04-11 20:29:49.365 DEBUG 1534 --- [  restartedMain] o.s.w.s.h.BeanNameUrlHandlerMapping      : Rejected bean name 'spring.devtools-org.springframework.boot.devtools.autoconfigure.DevToolsProperties': no URL paths identified
2017-04-11 20:29:49.366 DEBUG 1534 --- [  restartedMain] o.s.w.s.h.BeanNameUrlHandlerMapping      : Rejected bean name 'autoConfigurationReport': no URL paths identified
2017-04-11 20:29:49.366 DEBUG 1534 --- [  restartedMain] o.s.w.s.h.BeanNameUrlHandlerMapping      : Rejected bean name 'springApplicationArguments': no URL paths identified
2017-04-11 20:29:49.366 DEBUG 1534 --- [  restartedMain] o.s.w.s.h.BeanNameUrlHandlerMapping      : Rejected bean name 'springBootBanner': no URL paths identified
2017-04-11 20:29:49.366 DEBUG 1534 --- [  restartedMain] o.s.w.s.h.BeanNameUrlHandlerMapping      : Rejected bean name 'springBootLoggingSystem': no URL paths identified
2017-04-11 20:29:49.366 DEBUG 1534 --- [  restartedMain] o.s.w.s.h.BeanNameUrlHandlerMapping      : Rejected bean name 'environment': no URL paths identified
2017-04-11 20:29:49.367 DEBUG 1534 --- [  restartedMain] o.s.w.s.h.BeanNameUrlHandlerMapping      : Rejected bean name 'systemProperties': no URL paths identified
2017-04-11 20:29:49.367 DEBUG 1534 --- [  restartedMain] o.s.w.s.h.BeanNameUrlHandlerMapping      : Rejected bean name 'systemEnvironment': no URL paths identified
2017-04-11 20:29:49.367 DEBUG 1534 --- [  restartedMain] o.s.w.s.h.BeanNameUrlHandlerMapping      : Rejected bean name 'org.springframework.context.annotation.ConfigurationClassPostProcessor.importRegistry': no URL paths identified
2017-04-11 20:29:49.367 DEBUG 1534 --- [  restartedMain] o.s.w.s.h.BeanNameUrlHandlerMapping      : Rejected bean name 'messageSource': no URL paths identified
2017-04-11 20:29:49.368 DEBUG 1534 --- [  restartedMain] o.s.w.s.h.BeanNameUrlHandlerMapping      : Rejected bean name 'applicationEventMulticaster': no URL paths identified
2017-04-11 20:29:49.368 DEBUG 1534 --- [  restartedMain] o.s.w.s.h.BeanNameUrlHandlerMapping      : Rejected bean name 'servletContext': no URL paths identified
2017-04-11 20:29:49.368 DEBUG 1534 --- [  restartedMain] o.s.w.s.h.BeanNameUrlHandlerMapping      : Rejected bean name 'contextParameters': no URL paths identified
2017-04-11 20:29:49.368 DEBUG 1534 --- [  restartedMain] o.s.w.s.h.BeanNameUrlHandlerMapping      : Rejected bean name 'contextAttributes': no URL paths identified
2017-04-11 20:29:49.392  INFO 1534 --- [  restartedMain] o.s.w.s.handler.SimpleUrlHandlerMapping  : Mapped URL path [/webjars/**] onto handler of type [class org.springframework.web.servlet.resource.ResourceHttpRequestHandler]
2017-04-11 20:29:49.392  INFO 1534 --- [  restartedMain] o.s.w.s.handler.SimpleUrlHandlerMapping  : Mapped URL path [/**] onto handler of type [class org.springframework.web.servlet.resource.ResourceHttpRequestHandler]
2017-04-11 20:29:49.421 DEBUG 1534 --- [  restartedMain] .m.m.a.ExceptionHandlerExceptionResolver : Looking for exception mappings: org.springframework.boot.context.embedded.AnnotationConfigEmbeddedWebApplicationContext@781e408f: startup date [Tue Apr 11 20:29:45 CDT 2017]; root of context hierarchy
2017-04-11 20:29:49.467  INFO 1534 --- [  restartedMain] o.s.w.s.handler.SimpleUrlHandlerMapping  : Mapped URL path [/**/favicon.ico] onto handler of type [class org.springframework.web.servlet.resource.ResourceHttpRequestHandler]
2017-04-11 20:29:50.033  WARN 1534 --- [  restartedMain] o.s.b.d.a.OptionalLiveReloadServer       : Unable to start LiveReload server
2017-04-11 20:29:50.108  INFO 1534 --- [  restartedMain] o.s.j.e.a.AnnotationMBeanExporter        : Registering beans for JMX exposure on startup
2017-04-11 20:29:50.123 DEBUG 1534 --- [  restartedMain] o.s.w.s.resource.ResourceUrlProvider     : Looking for resource handler mappings
2017-04-11 20:29:50.124 DEBUG 1534 --- [  restartedMain] o.s.w.s.resource.ResourceUrlProvider     : Found resource handler mapping: URL pattern="/**/favicon.ico", locations=[ServletContext resource [/], class path resource [META-INF/resources/], class path resource [resources/], class path resource [static/], class path resource [public/], class path resource []], resolvers=[org.springframework.web.servlet.resource.PathResourceResolver@696e3af6]
2017-04-11 20:29:50.125 DEBUG 1534 --- [  restartedMain] o.s.w.s.resource.ResourceUrlProvider     : Found resource handler mapping: URL pattern="/webjars/**", locations=[class path resource [META-INF/resources/webjars/]], resolvers=[org.springframework.web.servlet.resource.PathResourceResolver@46421c94]
2017-04-11 20:29:50.125 DEBUG 1534 --- [  restartedMain] o.s.w.s.resource.ResourceUrlProvider     : Found resource handler mapping: URL pattern="/**", locations=[ServletContext resource [/], class path resource [META-INF/resources/], class path resource [resources/], class path resource [static/], class path resource [public/]], resolvers=[org.springframework.web.servlet.resource.PathResourceResolver@6da7bffc]
2017-04-11 20:29:50.169 ERROR 1534 --- [  restartedMain] o.a.coyote.http11.Http11NioProtocol      : Failed to start end point associated with ProtocolHandler [http-nio-8080]

java.net.BindException: Address already in use
	at sun.nio.ch.Net.bind0(Native Method) ~[na:1.8.0_121]
	at sun.nio.ch.Net.bind(Net.java:433) ~[na:1.8.0_121]
	at sun.nio.ch.Net.bind(Net.java:425) ~[na:1.8.0_121]
	at sun.nio.ch.ServerSocketChannelImpl.bind(ServerSocketChannelImpl.java:223) ~[na:1.8.0_121]
	at sun.nio.ch.ServerSocketAdaptor.bind(ServerSocketAdaptor.java:74) ~[na:1.8.0_121]
	at org.apache.tomcat.util.net.NioEndpoint.bind(NioEndpoint.java:210) ~[tomcat-embed-core-8.5.11.jar:8.5.11]
	at org.apache.tomcat.util.net.AbstractEndpoint.start(AbstractEndpoint.java:980) ~[tomcat-embed-core-8.5.11.jar:8.5.11]
	at org.apache.coyote.AbstractProtocol.start(AbstractProtocol.java:573) ~[tomcat-embed-core-8.5.11.jar:8.5.11]
	at org.apache.catalina.connector.Connector.startInternal(Connector.java:993) [tomcat-embed-core-8.5.11.jar:8.5.11]
	at org.apache.catalina.util.LifecycleBase.start(LifecycleBase.java:150) [tomcat-embed-core-8.5.11.jar:8.5.11]
	at org.apache.catalina.core.StandardService.addConnector(StandardService.java:225) [tomcat-embed-core-8.5.11.jar:8.5.11]
	at org.springframework.boot.context.embedded.tomcat.TomcatEmbeddedServletContainer.addPreviouslyRemovedConnectors(TomcatEmbeddedServletContainer.java:241) [spring-boot-1.4.4.RELEASE.jar:1.4.4.RELEASE]
	at org.springframework.boot.context.embedded.tomcat.TomcatEmbeddedServletContainer.start(TomcatEmbeddedServletContainer.java:184) [spring-boot-1.4.4.RELEASE.jar:1.4.4.RELEASE]
	at org.springframework.boot.context.embedded.EmbeddedWebApplicationContext.startEmbeddedServletContainer(EmbeddedWebApplicationContext.java:297) [spring-boot-1.4.4.RELEASE.jar:1.4.4.RELEASE]
	at org.springframework.boot.context.embedded.EmbeddedWebApplicationContext.finishRefresh(EmbeddedWebApplicationContext.java:145) [spring-boot-1.4.4.RELEASE.jar:1.4.4.RELEASE]
	at org.springframework.context.support.AbstractApplicationContext.refresh(AbstractApplicationContext.java:545) [spring-context-4.3.6.RELEASE.jar:4.3.6.RELEASE]
	at org.springframework.boot.context.embedded.EmbeddedWebApplicationContext.refresh(EmbeddedWebApplicationContext.java:122) [spring-boot-1.4.4.RELEASE.jar:1.4.4.RELEASE]
	at org.springframework.boot.SpringApplication.refresh(SpringApplication.java:762) [spring-boot-1.4.4.RELEASE.jar:1.4.4.RELEASE]
	at org.springframework.boot.SpringApplication.refreshContext(SpringApplication.java:372) [spring-boot-1.4.4.RELEASE.jar:1.4.4.RELEASE]
	at org.springframework.boot.SpringApplication.run(SpringApplication.java:316) [spring-boot-1.4.4.RELEASE.jar:1.4.4.RELEASE]
	at org.springframework.boot.SpringApplication.run(SpringApplication.java:1187) [spring-boot-1.4.4.RELEASE.jar:1.4.4.RELEASE]
	at org.springframework.boot.SpringApplication.run(SpringApplication.java:1176) [spring-boot-1.4.4.RELEASE.jar:1.4.4.RELEASE]
	at org.launchcode.TechjobsApplication.main(TechjobsApplication.java:10) [main/:na]
	at sun.reflect.NativeMethodAccessorImpl.invoke0(Native Method) ~[na:1.8.0_121]
	at sun.reflect.NativeMethodAccessorImpl.invoke(NativeMethodAccessorImpl.java:62) ~[na:1.8.0_121]
	at sun.reflect.DelegatingMethodAccessorImpl.invoke(DelegatingMethodAccessorImpl.java:43) ~[na:1.8.0_121]
	at java.lang.reflect.Method.invoke(Method.java:498) ~[na:1.8.0_121]
	at org.springframework.boot.devtools.restart.RestartLauncher.run(RestartLauncher.java:49) [spring-boot-devtools-1.4.4.RELEASE.jar:1.4.4.RELEASE]

2017-04-11 20:29:50.175 ERROR 1534 --- [  restartedMain] o.apache.catalina.core.StandardService   : Failed to start connector [Connector[HTTP/1.1-8080]]

org.apache.catalina.LifecycleException: Failed to start component [Connector[HTTP/1.1-8080]]
	at org.apache.catalina.util.LifecycleBase.start(LifecycleBase.java:167) ~[tomcat-embed-core-8.5.11.jar:8.5.11]
	at org.apache.catalina.core.StandardService.addConnector(StandardService.java:225) ~[tomcat-embed-core-8.5.11.jar:8.5.11]
	at org.springframework.boot.context.embedded.tomcat.TomcatEmbeddedServletContainer.addPreviouslyRemovedConnectors(TomcatEmbeddedServletContainer.java:241) [spring-boot-1.4.4.RELEASE.jar:1.4.4.RELEASE]
	at org.springframework.boot.context.embedded.tomcat.TomcatEmbeddedServletContainer.start(TomcatEmbeddedServletContainer.java:184) [spring-boot-1.4.4.RELEASE.jar:1.4.4.RELEASE]
	at org.springframework.boot.context.embedded.EmbeddedWebApplicationContext.startEmbeddedServletContainer(EmbeddedWebApplicationContext.java:297) [spring-boot-1.4.4.RELEASE.jar:1.4.4.RELEASE]
	at org.springframework.boot.context.embedded.EmbeddedWebApplicationContext.finishRefresh(EmbeddedWebApplicationContext.java:145) [spring-boot-1.4.4.RELEASE.jar:1.4.4.RELEASE]
	at org.springframework.context.support.AbstractApplicationContext.refresh(AbstractApplicationContext.java:545) [spring-context-4.3.6.RELEASE.jar:4.3.6.RELEASE]
	at org.springframework.boot.context.embedded.EmbeddedWebApplicationContext.refresh(EmbeddedWebApplicationContext.java:122) [spring-boot-1.4.4.RELEASE.jar:1.4.4.RELEASE]
	at org.springframework.boot.SpringApplication.refresh(SpringApplication.java:762) [spring-boot-1.4.4.RELEASE.jar:1.4.4.RELEASE]
	at org.springframework.boot.SpringApplication.refreshContext(SpringApplication.java:372) [spring-boot-1.4.4.RELEASE.jar:1.4.4.RELEASE]
	at org.springframework.boot.SpringApplication.run(SpringApplication.java:316) [spring-boot-1.4.4.RELEASE.jar:1.4.4.RELEASE]
	at org.springframework.boot.SpringApplication.run(SpringApplication.java:1187) [spring-boot-1.4.4.RELEASE.jar:1.4.4.RELEASE]
	at org.springframework.boot.SpringApplication.run(SpringApplication.java:1176) [spring-boot-1.4.4.RELEASE.jar:1.4.4.RELEASE]
	at org.launchcode.TechjobsApplication.main(TechjobsApplication.java:10) [main/:na]
	at sun.reflect.NativeMethodAccessorImpl.invoke0(Native Method) ~[na:1.8.0_121]
	at sun.reflect.NativeMethodAccessorImpl.invoke(NativeMethodAccessorImpl.java:62) ~[na:1.8.0_121]
	at sun.reflect.DelegatingMethodAccessorImpl.invoke(DelegatingMethodAccessorImpl.java:43) ~[na:1.8.0_121]
	at java.lang.reflect.Method.invoke(Method.java:498) ~[na:1.8.0_121]
	at org.springframework.boot.devtools.restart.RestartLauncher.run(RestartLauncher.java:49) [spring-boot-devtools-1.4.4.RELEASE.jar:1.4.4.RELEASE]
Caused by: org.apache.catalina.LifecycleException: service.getName(): "Tomcat";  Protocol handler start failed
	at org.apache.catalina.connector.Connector.startInternal(Connector.java:1000) ~[tomcat-embed-core-8.5.11.jar:8.5.11]
	at org.apache.catalina.util.LifecycleBase.start(LifecycleBase.java:150) ~[tomcat-embed-core-8.5.11.jar:8.5.11]
	... 18 common frames omitted
Caused by: java.net.BindException: Address already in use
	at sun.nio.ch.Net.bind0(Native Method) ~[na:1.8.0_121]
	at sun.nio.ch.Net.bind(Net.java:433) ~[na:1.8.0_121]
	at sun.nio.ch.Net.bind(Net.java:425) ~[na:1.8.0_121]
	at sun.nio.ch.ServerSocketChannelImpl.bind(ServerSocketChannelImpl.java:223) ~[na:1.8.0_121]
	at sun.nio.ch.ServerSocketAdaptor.bind(ServerSocketAdaptor.java:74) ~[na:1.8.0_121]
	at org.apache.tomcat.util.net.NioEndpoint.bind(NioEndpoint.java:210) ~[tomcat-embed-core-8.5.11.jar:8.5.11]
	at org.apache.tomcat.util.net.AbstractEndpoint.start(AbstractEndpoint.java:980) ~[tomcat-embed-core-8.5.11.jar:8.5.11]
	at org.apache.coyote.AbstractProtocol.start(AbstractProtocol.java:573) ~[tomcat-embed-core-8.5.11.jar:8.5.11]
	at org.apache.catalina.connector.Connector.startInternal(Connector.java:993) ~[tomcat-embed-core-8.5.11.jar:8.5.11]
	... 19 common frames omitted

2017-04-11 20:29:50.194  INFO 1534 --- [  restartedMain] o.apache.catalina.core.StandardService   : Stopping service Tomcat
2017-04-11 20:29:50.208  INFO 1534 --- [  restartedMain] utoConfigurationReportLoggingInitializer : 

Error starting ApplicationContext. To display the auto-configuration report re-run your application with 'debug' enabled.
2017-04-11 20:29:50.212 ERROR 1534 --- [  restartedMain] o.s.b.d.LoggingFailureAnalysisReporter   : 

***************************
APPLICATION FAILED TO START
***************************

Description:

The Tomcat connector configured to listen on port 8080 failed to start. The port may already be in use or the connector may be misconfigured.

Action:

Verify the connector's configuration, identify and stop any process that's listening on port 8080, or configure this application to listen on another port.

2017-04-11 20:29:50.215  INFO 1534 --- [  restartedMain] ationConfigEmbeddedWebApplicationContext : Closing org.springframework.boot.context.embedded.AnnotationConfigEmbeddedWebApplicationContext@781e408f: startup date [Tue Apr 11 20:29:45 CDT 2017]; root of context hierarchy
2017-04-11 20:29:50.217  INFO 1534 --- [  restartedMain] o.s.j.e.a.AnnotationMBeanExporter        : Unregistering JMX-exposed beans on shutdown

BUILD SUCCESSFUL

Total time: 25.739 secs
20:29:50.302 [DEBUG] [org.gradle.cache.internal.btree.BTreePersistentIndexedCache] Closing cache fileHashes.bin (/Users/hemnepal/IdeaProjects/techjobs-oo/.gradle/2.13/taskArtifacts/fileHashes.bin)
20:29:50.303 [DEBUG] [org.gradle.cache.internal.btree.BTreePersistentIndexedCache] Closing cache fileSnapshots.bin (/Users/hemnepal/IdeaProjects/techjobs-oo/.gradle/2.13/taskArtifacts/fileSnapshots.bin)
20:29:50.303 [DEBUG] [org.gradle.cache.internal.btree.BTreePersistentIndexedCache] Closing cache taskArtifacts.bin (/Users/hemnepal/IdeaProjects/techjobs-oo/.gradle/2.13/taskArtifacts/taskArtifacts.bin)
20:29:50.303 [DEBUG] [org.gradle.cache.internal.DefaultFileLockManager] Releasing lock on task history cache (/Users/hemnepal/IdeaProjects/techjobs-oo/.gradle/2.13/taskArtifacts).
20:29:50.304 [DEBUG] [org.gradle.api.internal.artifacts.ivyservice.ivyresolve.memcache.InMemoryCachedRepositoryFactory] In-memory dependency metadata cache closed. Repos cached: 31, cache instances: 1, modules served from cache: 163, artifacts: 41
20:29:50.305 [DEBUG] [org.gradle.cache.internal.DefaultCacheAccess] Cache Generated Gradle JARs cache (/Users/hemnepal/IdeaProjects/techjobs-oo/gradle/caches/2.13/generated-gradle-jars) was closed 0 times.
20:29:50.305 [DEBUG] [org.gradle.cache.internal.btree.BTreePersistentIndexedCache] Closing cache artifact-at-repository.bin (/Users/hemnepal/IdeaProjects/techjobs-oo/gradle/caches/modules-2/metadata-2.16/artifact-at-repository.bin)
20:29:50.305 [DEBUG] [org.gradle.cache.internal.btree.BTreePersistentIndexedCache] Closing cache module-metadata.bin (/Users/hemnepal/IdeaProjects/techjobs-oo/gradle/caches/modules-2/metadata-2.16/module-metadata.bin)
20:29:50.306 [DEBUG] [org.gradle.cache.internal.DefaultFileLockManager] Releasing lock on artifact cache (/Users/hemnepal/IdeaProjects/techjobs-oo/gradle/caches/modules-2).
20:29:50.306 [DEBUG] [org.gradle.api.internal.artifacts.ivyservice.resolveengine.store.CachedStoreFactory] Resolution result cache closed. Cache reads: 0, disk reads: 0 (avg: 0.0 secs, total: 0.0 secs)
20:29:50.311 [DEBUG] [org.gradle.api.internal.artifacts.ivyservice.resolveengine.store.CachedStoreFactory] Resolution result cache closed. Cache reads: 2, disk reads: 2 (avg: 0.005 secs, total: 0.011 secs)
20:29:50.334 [DEBUG] [org.gradle.api.internal.artifacts.ivyservice.resolveengine.store.ResolutionResultsStoreFactory] Deleted 2 resolution results binary files in 0.028 secs
20:29:50.335 [DEBUG] [org.gradle.cache.internal.DefaultCacheAccess] Cache Plugin Resolution Cache (/Users/hemnepal/IdeaProjects/techjobs-oo/gradle/caches/2.13/plugin-resolution) was closed 0 times.
20:29:50.335 [DEBUG] [org.gradle.api.internal.tasks.compile.daemon.CompilerDaemonManager] Stopping 0 compiler daemon(s).
20:29:50.336 [INFO] [org.gradle.api.internal.tasks.compile.daemon.CompilerDaemonManager] Stopped 0 compiler daemon(s).
20:29:50.336 [DEBUG] [org.gradle.cache.internal.DefaultCacheAccess] Cache jars (/Users/hemnepal/IdeaProjects/techjobs-oo/gradle/caches/jars-1) was closed 0 times.
20:29:50.336 [DEBUG] [org.gradle.launcher.daemon.server.exec.ExecuteBuild] The daemon has finished executing the build.
20:29:50.718 [DEBUG] [org.gradle.launcher.daemon.server.DaemonStateCoordinator] Daemon is busy, sleeping until state changes.
20:29:50.718 [DEBUG] [org.gradle.launcher.daemon.server.DaemonStateCoordinator] Command execution: finished waiting for DaemonCommandExecution[command = Build{id=33f870a7-d847-4038-94ea-b8876334021e.1, currentDir=/Users/hemnepal/IdeaProjects/techjobs-oo}, connection = org.gradle.launcher.daemon.server.DefaultDaemonConnection@18080119]. Result org.gradle.launcher.daemon.server.DaemonStateCoordinator@140346e0 with state Running
20:29:50.720 [DEBUG] [org.gradle.launcher.daemon.server.DaemonStateCoordinator] Command execution: completed DaemonCommandExecution[command = Build{id=33f870a7-d847-4038-94ea-b8876334021e.1, currentDir=/Users/hemnepal/IdeaProjects/techjobs-oo}, connection = org.gradle.launcher.daemon.server.DefaultDaemonConnection@18080119]
20:29:50.721 [DEBUG] [org.gradle.launcher.daemon.server.DaemonStateCoordinator] updating lastActivityAt to 1491960590721
20:29:50.721 [INFO] [org.gradle.launcher.daemon.server.DomainRegistryUpdater] Marking the daemon as idle, address: [c5f4c872-7231-436f-ad8f-4fdc29da6cc9 port:58579, addresses:[/0:0:0:0:0:0:0:1, /127.0.0.1]]
20:29:50.721 [DEBUG] [org.gradle.launcher.daemon.registry.PersistentDaemonRegistry] Marking idle by address: [c5f4c872-7231-436f-ad8f-4fdc29da6cc9 port:58579, addresses:[/0:0:0:0:0:0:0:1, /127.0.0.1]]
20:29:50.722 [DEBUG] [org.gradle.cache.internal.DefaultFileLockManager] Waiting to acquire exclusive lock on daemon addresses registry.
20:29:50.724 [DEBUG] [org.gradle.cache.internal.DefaultFileLockManager] Lock acquired.
20:29:50.729 [DEBUG] [org.gradle.cache.internal.DefaultFileLockManager] Releasing lock on daemon addresses registry.
20:29:50.730 [DEBUG] [org.gradle.launcher.daemon.server.DaemonStateCoordinator] Daemon is idle, sleeping until state change or idle timeout at Tue Apr 11 20:30:50 CDT 2017
20:29:50.730 [DEBUG] [org.gradle.launcher.daemon.server.exec.ReturnResult] Daemon is dispatching the build result: Success[value=org.gradle.tooling.internal.provider.BuildActionResult@13a50543]
20:29:50.730 [DEBUG] [org.gradle.launcher.daemon.server.SynchronizedDispatchConnection] thread 13: dispatching class org.gradle.launcher.daemon.protocol.Success
20:29:50.734 [DEBUG] [org.gradle.launcher.daemon.server.DefaultIncomingConnectionHandler] Finishing executing command: Build{id=33f870a7-d847-4038-94ea-b8876334021e.1, currentDir=/Users/hemnepal/IdeaProjects/techjobs-oo}
20:29:50.743 [DEBUG] [org.gradle.launcher.daemon.server.SynchronizedDispatchConnection] thread 14: received class org.gradle.launcher.daemon.protocol.Finished
20:29:50.743 [DEBUG] [org.gradle.launcher.daemon.server.DefaultDaemonConnection] Received non-IO message from client: org.gradle.launcher.daemon.protocol.Finished@3d9231fc
20:29:50.743 [DEBUG] [org.gradle.launcher.daemon.server.DefaultIncomingConnectionHandler] Received finished message: org.gradle.launcher.daemon.protocol.Finished@3d9231fc
20:29:50.744 [DEBUG] [org.gradle.launcher.daemon.server.SynchronizedDispatchConnection] thread 13: stopping connection
20:29:50.744 [DEBUG] [org.gradle.messaging.remote.internal.inet.SocketConnection] Discarding EOFException: java.io.EOFException
20:29:50.744 [DEBUG] [org.gradle.launcher.daemon.server.SynchronizedDispatchConnection] thread 14: received null
20:29:50.746 [DEBUG] [org.gradle.launcher.daemon.server.DefaultDaemonConnection] Received end-of-input from client.
20:29:50.750 [DEBUG] [org.gradle.launcher.daemon.server.SynchronizedDispatchConnection] thread 13: stopping connection
20:30:50.727 [DEBUG] [org.gradle.launcher.daemon.server.DaemonStateCoordinator] Idle timeout: daemon has been idle for requested period. Stopping now.
20:30:50.728 [DEBUG] [org.gradle.launcher.daemon.server.DaemonStateCoordinator] Marking daemon stopped due to idle timeout. The daemon is running a build: false
20:30:50.729 [DEBUG] [org.gradle.launcher.daemon.server.Daemon] stop() called on daemon
20:30:50.729 [INFO] [org.gradle.launcher.daemon.server.Daemon] Stop requested. Daemon is removing its presence from the registry...
20:30:50.729 [DEBUG] [org.gradle.launcher.daemon.server.DomainRegistryUpdater] Removing our presence to clients, eg. removing this address from the registry: [c5f4c872-7231-436f-ad8f-4fdc29da6cc9 port:58579, addresses:[/0:0:0:0:0:0:0:1, /127.0.0.1]]
20:30:50.729 [DEBUG] [org.gradle.launcher.daemon.registry.PersistentDaemonRegistry] Removing daemon address: [c5f4c872-7231-436f-ad8f-4fdc29da6cc9 port:58579, addresses:[/0:0:0:0:0:0:0:1, /127.0.0.1]]
20:30:50.730 [DEBUG] [org.gradle.cache.internal.DefaultFileLockManager] Waiting to acquire exclusive lock on daemon addresses registry.
20:30:50.731 [DEBUG] [org.gradle.cache.internal.DefaultFileLockManager] Lock acquired.
20:30:50.736 [DEBUG] [org.gradle.cache.internal.DefaultFileLockManager] Releasing lock on daemon addresses registry.
20:30:50.737 [DEBUG] [org.gradle.launcher.daemon.server.DomainRegistryUpdater] Address removed from registry.
Daemon vm is shutting down... The daemon has exited normally or was terminated in response to a user interrupt.
20:30:50.741 [DEBUG] [org.gradle.launcher.daemon.registry.PersistentDaemonRegistry] Removing daemon address: [c5f4c872-7231-436f-ad8f-4fdc29da6cc9 port:58579, addresses:[/0:0:0:0:0:0:0:1, /127.0.0.1]]
20:30:50.742 [DEBUG] [org.gradle.cache.internal.DefaultFileLockManager] Waiting to acquire exclusive lock on daemon addresses registry.
20:30:50.743 [DEBUG] [org.gradle.cache.internal.DefaultFileLockManager] Lock acquired.
20:30:50.749 [DEBUG] [org.gradle.cache.internal.DefaultFileLockManager] Releasing lock on daemon addresses registry.
