20:48:48.122 [INFO] [org.gradle.launcher.daemon.server.Daemon] start() called on daemon - DefaultDaemonContext[uid=75305b45-dd52-4b58-8ae7-a985aa7990c6,javaHome=/Library/Java/JavaVirtualMachines/jdk1.8.0_121.jdk/Contents/Home,daemonRegistryDir=/Users/hemnepal/IdeaProjects/techjobs-oo/gradle/daemon,pid=1570,idleTimeout=60000,daemonOpts=-XX:MaxPermSize=256m,-XX:+HeapDumpOnOutOfMemoryError,-Xmx1024m,-Dfile.encoding=UTF-8,-Duser.country=US,-Duser.language=en,-Duser.variant]
20:48:48.127 [DEBUG] [org.gradle.launcher.daemon.server.DaemonStateCoordinator] updating lastActivityAt to 1491961728126
20:48:48.152 [DEBUG] [org.gradle.messaging.remote.internal.inet.InetAddressFactory] Adding IP addresses for network interface utun0
20:48:48.153 [DEBUG] [org.gradle.messaging.remote.internal.inet.InetAddressFactory] Is this a loopback interface? false
20:48:48.153 [DEBUG] [org.gradle.messaging.remote.internal.inet.InetAddressFactory] Is this a multicast interface? true
20:48:48.154 [DEBUG] [org.gradle.messaging.remote.internal.inet.InetAddressFactory] Adding remote address /fe80:0:0:0:7450:ff21:33d4:2a9a%utun0
20:48:48.154 [DEBUG] [org.gradle.messaging.remote.internal.inet.InetAddressFactory] Adding remote multicast interface utun0
20:48:48.155 [DEBUG] [org.gradle.messaging.remote.internal.inet.InetAddressFactory] Adding IP addresses for network interface awdl0
20:48:48.156 [DEBUG] [org.gradle.messaging.remote.internal.inet.InetAddressFactory] Is this a loopback interface? false
20:48:48.156 [DEBUG] [org.gradle.messaging.remote.internal.inet.InetAddressFactory] Is this a multicast interface? true
20:48:48.156 [DEBUG] [org.gradle.messaging.remote.internal.inet.InetAddressFactory] Adding remote address /fe80:0:0:0:8017:aaff:fe77:77a8%awdl0
20:48:48.157 [DEBUG] [org.gradle.messaging.remote.internal.inet.InetAddressFactory] Adding remote multicast interface awdl0
20:48:48.157 [DEBUG] [org.gradle.messaging.remote.internal.inet.InetAddressFactory] Adding IP addresses for network interface en0
20:48:48.157 [DEBUG] [org.gradle.messaging.remote.internal.inet.InetAddressFactory] Is this a loopback interface? false
20:48:48.158 [DEBUG] [org.gradle.messaging.remote.internal.inet.InetAddressFactory] Is this a multicast interface? true
20:48:48.159 [DEBUG] [org.gradle.messaging.remote.internal.inet.InetAddressFactory] Adding remote address /2602:30a:c0a7:1660:0:0:0:11
20:48:48.160 [DEBUG] [org.gradle.messaging.remote.internal.inet.InetAddressFactory] Adding remote address /2602:30a:c0a7:1660:2c62:1edc:db42:9bc3
20:48:48.161 [DEBUG] [org.gradle.messaging.remote.internal.inet.InetAddressFactory] Adding remote address /2602:30a:c0a7:1660:14c8:e6a9:ca48:f338
20:48:48.161 [DEBUG] [org.gradle.messaging.remote.internal.inet.InetAddressFactory] Adding remote address /fe80:0:0:0:5e:13f6:2308:2f40%en0
20:48:48.161 [DEBUG] [org.gradle.messaging.remote.internal.inet.InetAddressFactory] Adding remote address /192.168.1.203
20:48:48.162 [DEBUG] [org.gradle.messaging.remote.internal.inet.InetAddressFactory] Adding remote multicast interface en0
20:48:48.162 [DEBUG] [org.gradle.messaging.remote.internal.inet.InetAddressFactory] Adding IP addresses for network interface lo0
20:48:48.162 [DEBUG] [org.gradle.messaging.remote.internal.inet.InetAddressFactory] Is this a loopback interface? true
20:48:48.163 [DEBUG] [org.gradle.messaging.remote.internal.inet.InetAddressFactory] Is this a multicast interface? true
20:48:48.163 [DEBUG] [org.gradle.messaging.remote.internal.inet.InetAddressFactory] Ignoring remote address on loopback interface /fe80:0:0:0:0:0:0:1%lo0
20:48:48.164 [DEBUG] [org.gradle.messaging.remote.internal.inet.InetAddressFactory] Adding loopback address /0:0:0:0:0:0:0:1
20:48:48.164 [DEBUG] [org.gradle.messaging.remote.internal.inet.InetAddressFactory] Adding loopback address /127.0.0.1
20:48:48.165 [DEBUG] [org.gradle.messaging.remote.internal.inet.InetAddressFactory] Adding loopback multicast interface lo0
20:48:48.180 [DEBUG] [org.gradle.messaging.remote.internal.inet.TcpIncomingConnector] Listening on [052123a4-513c-43a8-bedc-25d511a24ef8 port:59321, addresses:[/0:0:0:0:0:0:0:1, /127.0.0.1]].
20:48:48.184 [DEBUG] [org.gradle.launcher.daemon.server.Daemon] Daemon starting at: Tue Apr 11 20:48:48 CDT 2017, with address: [052123a4-513c-43a8-bedc-25d511a24ef8 port:59321, addresses:[/0:0:0:0:0:0:0:1, /127.0.0.1]]
20:48:48.185 [INFO] [org.gradle.launcher.daemon.server.DomainRegistryUpdater] Advertising the daemon address to the clients: [052123a4-513c-43a8-bedc-25d511a24ef8 port:59321, addresses:[/0:0:0:0:0:0:0:1, /127.0.0.1]]
20:48:48.185 [DEBUG] [org.gradle.launcher.daemon.server.DomainRegistryUpdater] Advertised daemon context: DefaultDaemonContext[uid=75305b45-dd52-4b58-8ae7-a985aa7990c6,javaHome=/Library/Java/JavaVirtualMachines/jdk1.8.0_121.jdk/Contents/Home,daemonRegistryDir=/Users/hemnepal/IdeaProjects/techjobs-oo/gradle/daemon,pid=1570,idleTimeout=60000,daemonOpts=-XX:MaxPermSize=256m,-XX:+HeapDumpOnOutOfMemoryError,-Xmx1024m,-Dfile.encoding=UTF-8,-Duser.country=US,-Duser.language=en,-Duser.variant]
20:48:48.186 [DEBUG] [org.gradle.launcher.daemon.registry.PersistentDaemonRegistry] Storing daemon address: [052123a4-513c-43a8-bedc-25d511a24ef8 port:59321, addresses:[/0:0:0:0:0:0:0:1, /127.0.0.1]], context: DefaultDaemonContext[uid=75305b45-dd52-4b58-8ae7-a985aa7990c6,javaHome=/Library/Java/JavaVirtualMachines/jdk1.8.0_121.jdk/Contents/Home,daemonRegistryDir=/Users/hemnepal/IdeaProjects/techjobs-oo/gradle/daemon,pid=1570,idleTimeout=60000,daemonOpts=-XX:MaxPermSize=256m,-XX:+HeapDumpOnOutOfMemoryError,-Xmx1024m,-Dfile.encoding=UTF-8,-Duser.country=US,-Duser.language=en,-Duser.variant]
20:48:48.195 [DEBUG] [org.gradle.cache.internal.DefaultFileLockManager] Waiting to acquire exclusive lock on daemon addresses registry.
20:48:48.197 [DEBUG] [org.gradle.cache.internal.DefaultFileLockManager] Lock acquired.
20:48:48.325 [DEBUG] [org.gradle.cache.internal.DefaultFileLockManager] Releasing lock on daemon addresses registry.
20:48:48.325 [LIFECYCLE] [org.gradle.launcher.daemon.server.Daemon] Daemon server started.
20:48:48.328 [DEBUG] [org.gradle.launcher.daemon.bootstrap.DaemonStartupCommunication] Completed writing the daemon greeting. Closing streams...
20:48:48.332 [DEBUG] [org.gradle.launcher.daemon.server.Daemon] requestStopOnIdleTimeout(60000 MILLISECONDS) called on daemon
20:48:48.335 [DEBUG] [org.gradle.messaging.remote.internal.inet.TcpIncomingConnector] Accepted connection from /127.0.0.1:59322 to /127.0.0.1:59321.
20:48:48.335 [DEBUG] [org.gradle.launcher.daemon.server.DaemonStateCoordinator] Idle timeout: waiting for daemon to stop or be idle for 60000ms
20:48:48.337 [DEBUG] [org.gradle.launcher.daemon.server.DaemonStateCoordinator] Daemon is idle, sleeping until state change or idle timeout at Tue Apr 11 20:49:48 CDT 2017
20:48:48.404 [DEBUG] [org.gradle.launcher.daemon.server.SynchronizedDispatchConnection] thread 14: received class org.gradle.launcher.daemon.protocol.Build
20:48:48.405 [DEBUG] [org.gradle.launcher.daemon.server.DefaultDaemonConnection] Received non-IO message from client: Build{id=8714f2c1-c9ce-4bb2-9dcc-d2df4201622b.1, currentDir=/Users/hemnepal/IdeaProjects/techjobs-oo}
20:48:48.405 [INFO] [org.gradle.launcher.daemon.server.DefaultIncomingConnectionHandler] Received command: Build{id=8714f2c1-c9ce-4bb2-9dcc-d2df4201622b.1, currentDir=/Users/hemnepal/IdeaProjects/techjobs-oo}.
20:48:48.406 [DEBUG] [org.gradle.launcher.daemon.server.DefaultIncomingConnectionHandler] Starting executing command: Build{id=8714f2c1-c9ce-4bb2-9dcc-d2df4201622b.1, currentDir=/Users/hemnepal/IdeaProjects/techjobs-oo} with connection: socket connection from /127.0.0.1:59321 to /127.0.0.1:59322.
20:48:48.416 [DEBUG] [org.gradle.launcher.daemon.server.DaemonStateCoordinator] Command execution: started DaemonCommandExecution[command = Build{id=8714f2c1-c9ce-4bb2-9dcc-d2df4201622b.1, currentDir=/Users/hemnepal/IdeaProjects/techjobs-oo}, connection = org.gradle.launcher.daemon.server.DefaultDaemonConnection@4728d786] after 0.0 minutes of idle
20:48:48.417 [INFO] [org.gradle.launcher.daemon.server.DomainRegistryUpdater] Marking the daemon as busy, address: [052123a4-513c-43a8-bedc-25d511a24ef8 port:59321, addresses:[/0:0:0:0:0:0:0:1, /127.0.0.1]]
20:48:48.417 [DEBUG] [org.gradle.launcher.daemon.registry.PersistentDaemonRegistry] Marking busy by address: [052123a4-513c-43a8-bedc-25d511a24ef8 port:59321, addresses:[/0:0:0:0:0:0:0:1, /127.0.0.1]]
20:48:48.418 [DEBUG] [org.gradle.cache.internal.DefaultFileLockManager] Waiting to acquire exclusive lock on daemon addresses registry.
20:48:48.418 [DEBUG] [org.gradle.cache.internal.DefaultFileLockManager] Lock acquired.
20:48:48.422 [DEBUG] [org.gradle.cache.internal.DefaultFileLockManager] Releasing lock on daemon addresses registry.
20:48:48.423 [DEBUG] [org.gradle.launcher.daemon.server.DaemonStateCoordinator] updating lastActivityAt to 1491961728423
20:48:48.423 [DEBUG] [org.gradle.launcher.daemon.server.DaemonStateCoordinator] Daemon is busy, sleeping until state changes.
20:48:48.424 [INFO] [org.gradle.launcher.daemon.server.exec.StartBuildOrRespondWithBusy] Daemon is about to start building Build{id=8714f2c1-c9ce-4bb2-9dcc-d2df4201622b.1, currentDir=/Users/hemnepal/IdeaProjects/techjobs-oo}. Dispatching build started information...
20:48:48.425 [DEBUG] [org.gradle.launcher.daemon.server.SynchronizedDispatchConnection] thread 16: dispatching class org.gradle.launcher.daemon.protocol.BuildStarted
20:48:48.429 [DEBUG] [org.gradle.launcher.daemon.server.SynchronizedDispatchConnection] thread 14: received class org.gradle.launcher.daemon.protocol.CloseInput
20:48:48.429 [DEBUG] [org.gradle.launcher.daemon.server.exec.EstablishBuildEnvironment] Configuring env variables: {PATH=/usr/bin:/bin:/usr/sbin:/sbin, SHELL=/bin/bash, USER=hemnepal, COMMAND_MODE=unix2003, TMPDIR=/var/folders/gp/d2hd31hx5nzf5v0_5pr7fv800000gn/T/, SSH_AUTH_SOCK=/private/tmp/com.apple.launchd.XLnXLrYk9W/Listeners, XPC_FLAGS=0x0, __CF_USER_TEXT_ENCODING=0x1F5:0x0:0x0, Apple_PubSub_Socket_Render=/private/tmp/com.apple.launchd.to2utaLncQ/Render, LOGNAME=hemnepal, XPC_SERVICE_NAME=com.apple.xpc.launchd.oneshot.0x1000000b.idea, HOME=/Users/hemnepal}
20:48:48.429 [DEBUG] [org.gradle.launcher.daemon.server.DefaultDaemonConnection] Received IO message from client: org.gradle.launcher.daemon.protocol.CloseInput@4551824
20:48:48.441 [DEBUG] [org.gradle.launcher.daemon.server.exec.LogToClient] About to start relaying all logs to the client via the connection.
20:48:48.441 [INFO] [org.gradle.launcher.daemon.server.exec.LogToClient] The client will now receive all logging from the daemon (pid: 1570). The daemon log file: /Users/hemnepal/IdeaProjects/techjobs-oo/gradle/daemon/2.13/daemon-1570.out.log
20:48:48.448 [INFO] [org.gradle.launcher.daemon.server.health.DaemonHealthTracker] Starting build in new daemon [memory: 954.7 MB]
20:48:48.449 [INFO] [org.gradle.launcher.daemon.server.exec.ForwardClientInput] Closing daemon's stdin at end of input.
20:48:48.449 [INFO] [org.gradle.launcher.daemon.server.exec.ForwardClientInput] The daemon will no longer process any standard input.
20:48:48.452 [DEBUG] [org.gradle.launcher.daemon.server.exec.ExecuteBuild] The daemon has started executing the build.
20:48:48.453 [INFO] [org.gradle.launcher.daemon.server.exec.ExecuteBuild] Executing build with daemon context: DefaultDaemonContext[uid=75305b45-dd52-4b58-8ae7-a985aa7990c6,javaHome=/Library/Java/JavaVirtualMachines/jdk1.8.0_121.jdk/Contents/Home,daemonRegistryDir=/Users/hemnepal/IdeaProjects/techjobs-oo/gradle/daemon,pid=1570,idleTimeout=60000,daemonOpts=-XX:MaxPermSize=256m,-XX:+HeapDumpOnOutOfMemoryError,-Xmx1024m,-Dfile.encoding=UTF-8,-Duser.country=US,-Duser.language=en,-Duser.variant]
:compileJava/Users/hemnepal/IdeaProjects/techjobs-oo/src/main/java/org/launchcode/controllers/JobController.java:61: error: cannot find symbol
        newJob.setCoreCompetency(jobData.getCoreCompetencies().findById(jobForm.getCorecompetenciesId()));
                                                                               ^
  symbol:   method getCorecompetenciesId()
  location: variable jobForm of type JobForm
1 error
 FAILED

FAILURE: Build failed with an exception.

* What went wrong:
Execution failed for task ':compileJava'.
> Compilation failed; see the compiler error output for details.

* Try:
Run with --stacktrace option to get the stack trace. Run with --info or --debug option to get more log output.

BUILD FAILED

Total time: 8.522 secs
20:48:55.867 [DEBUG] [org.gradle.cache.internal.btree.BTreePersistentIndexedCache] Closing cache taskArtifacts.bin (/Users/hemnepal/IdeaProjects/techjobs-oo/.gradle/2.13/taskArtifacts/taskArtifacts.bin)
20:48:55.867 [DEBUG] [org.gradle.cache.internal.btree.BTreePersistentIndexedCache] Closing cache fileHashes.bin (/Users/hemnepal/IdeaProjects/techjobs-oo/.gradle/2.13/taskArtifacts/fileHashes.bin)
20:48:55.867 [DEBUG] [org.gradle.cache.internal.btree.BTreePersistentIndexedCache] Closing cache fileSnapshots.bin (/Users/hemnepal/IdeaProjects/techjobs-oo/.gradle/2.13/taskArtifacts/fileSnapshots.bin)
20:48:55.868 [DEBUG] [org.gradle.cache.internal.DefaultFileLockManager] Releasing lock on task history cache (/Users/hemnepal/IdeaProjects/techjobs-oo/.gradle/2.13/taskArtifacts).
20:48:55.869 [DEBUG] [org.gradle.api.internal.artifacts.ivyservice.ivyresolve.memcache.InMemoryCachedRepositoryFactory] In-memory dependency metadata cache closed. Repos cached: 29, cache instances: 1, modules served from cache: 83, artifacts: 1
20:48:55.869 [DEBUG] [org.gradle.cache.internal.DefaultCacheAccess] Cache Generated Gradle JARs cache (/Users/hemnepal/IdeaProjects/techjobs-oo/gradle/caches/2.13/generated-gradle-jars) was closed 0 times.
20:48:55.869 [DEBUG] [org.gradle.cache.internal.btree.BTreePersistentIndexedCache] Closing cache module-metadata.bin (/Users/hemnepal/IdeaProjects/techjobs-oo/gradle/caches/modules-2/metadata-2.16/module-metadata.bin)
20:48:55.870 [DEBUG] [org.gradle.cache.internal.btree.BTreePersistentIndexedCache] Closing cache artifact-at-repository.bin (/Users/hemnepal/IdeaProjects/techjobs-oo/gradle/caches/modules-2/metadata-2.16/artifact-at-repository.bin)
20:48:55.870 [DEBUG] [org.gradle.cache.internal.DefaultFileLockManager] Releasing lock on artifact cache (/Users/hemnepal/IdeaProjects/techjobs-oo/gradle/caches/modules-2).
20:48:55.872 [DEBUG] [org.gradle.api.internal.artifacts.ivyservice.resolveengine.store.CachedStoreFactory] Resolution result cache closed. Cache reads: 0, disk reads: 0 (avg: 0.0 secs, total: 0.0 secs)
20:48:55.873 [DEBUG] [org.gradle.api.internal.artifacts.ivyservice.resolveengine.store.CachedStoreFactory] Resolution result cache closed. Cache reads: 1, disk reads: 1 (avg: 0.006 secs, total: 0.006 secs)
20:48:55.874 [DEBUG] [org.gradle.api.internal.artifacts.ivyservice.resolveengine.store.ResolutionResultsStoreFactory] Deleted 2 resolution results binary files in 0.003 secs
20:48:55.874 [DEBUG] [org.gradle.cache.internal.DefaultCacheAccess] Cache Plugin Resolution Cache (/Users/hemnepal/IdeaProjects/techjobs-oo/gradle/caches/2.13/plugin-resolution) was closed 0 times.
20:48:55.875 [DEBUG] [org.gradle.api.internal.tasks.compile.daemon.CompilerDaemonManager] Stopping 0 compiler daemon(s).
20:48:55.875 [INFO] [org.gradle.api.internal.tasks.compile.daemon.CompilerDaemonManager] Stopped 0 compiler daemon(s).
20:48:55.875 [DEBUG] [org.gradle.launcher.daemon.server.exec.ExecuteBuild] The daemon has finished executing the build.
20:48:56.293 [DEBUG] [org.gradle.launcher.daemon.server.DaemonStateCoordinator] Daemon is busy, sleeping until state changes.
20:48:56.295 [DEBUG] [org.gradle.launcher.daemon.server.DaemonStateCoordinator] Command execution: finished waiting for DaemonCommandExecution[command = Build{id=8714f2c1-c9ce-4bb2-9dcc-d2df4201622b.1, currentDir=/Users/hemnepal/IdeaProjects/techjobs-oo}, connection = org.gradle.launcher.daemon.server.DefaultDaemonConnection@4728d786]. Result org.gradle.launcher.daemon.server.DaemonStateCoordinator@172822a with state Running
20:48:56.295 [DEBUG] [org.gradle.launcher.daemon.server.DaemonStateCoordinator] Command execution: completed DaemonCommandExecution[command = Build{id=8714f2c1-c9ce-4bb2-9dcc-d2df4201622b.1, currentDir=/Users/hemnepal/IdeaProjects/techjobs-oo}, connection = org.gradle.launcher.daemon.server.DefaultDaemonConnection@4728d786]
20:48:56.295 [DEBUG] [org.gradle.launcher.daemon.server.DaemonStateCoordinator] updating lastActivityAt to 1491961736295
20:48:56.295 [INFO] [org.gradle.launcher.daemon.server.DomainRegistryUpdater] Marking the daemon as idle, address: [052123a4-513c-43a8-bedc-25d511a24ef8 port:59321, addresses:[/0:0:0:0:0:0:0:1, /127.0.0.1]]
20:48:56.296 [DEBUG] [org.gradle.launcher.daemon.registry.PersistentDaemonRegistry] Marking idle by address: [052123a4-513c-43a8-bedc-25d511a24ef8 port:59321, addresses:[/0:0:0:0:0:0:0:1, /127.0.0.1]]
20:48:56.296 [DEBUG] [org.gradle.cache.internal.DefaultFileLockManager] Waiting to acquire exclusive lock on daemon addresses registry.
20:48:56.297 [DEBUG] [org.gradle.cache.internal.DefaultFileLockManager] Lock acquired.
20:48:56.300 [DEBUG] [org.gradle.cache.internal.DefaultFileLockManager] Releasing lock on daemon addresses registry.
20:48:56.300 [DEBUG] [org.gradle.launcher.daemon.server.DaemonStateCoordinator] Daemon is idle, sleeping until state change or idle timeout at Tue Apr 11 20:49:56 CDT 2017
20:48:56.301 [DEBUG] [org.gradle.launcher.daemon.server.exec.ReturnResult] Daemon is dispatching the build result: Failure[value=org.gradle.initialization.ReportedException: org.gradle.internal.exceptions.LocationAwareException: Execution failed for task ':compileJava'.]
20:48:56.301 [DEBUG] [org.gradle.launcher.daemon.server.SynchronizedDispatchConnection] thread 13: dispatching class org.gradle.launcher.daemon.protocol.Failure
20:48:56.324 [DEBUG] [org.gradle.launcher.daemon.server.DefaultIncomingConnectionHandler] Finishing executing command: Build{id=8714f2c1-c9ce-4bb2-9dcc-d2df4201622b.1, currentDir=/Users/hemnepal/IdeaProjects/techjobs-oo}
20:48:56.347 [DEBUG] [org.gradle.launcher.daemon.server.SynchronizedDispatchConnection] thread 14: received class org.gradle.launcher.daemon.protocol.Finished
20:48:56.347 [DEBUG] [org.gradle.launcher.daemon.server.DefaultDaemonConnection] Received non-IO message from client: org.gradle.launcher.daemon.protocol.Finished@7db50f4b
20:48:56.348 [DEBUG] [org.gradle.messaging.remote.internal.inet.SocketConnection] Discarding EOFException: java.io.EOFException
20:48:56.348 [DEBUG] [org.gradle.launcher.daemon.server.SynchronizedDispatchConnection] thread 14: received null
20:48:56.348 [DEBUG] [org.gradle.launcher.daemon.server.DefaultDaemonConnection] Received end-of-input from client.
20:48:56.349 [DEBUG] [org.gradle.launcher.daemon.server.DefaultIncomingConnectionHandler] Received finished message: null
20:48:56.349 [DEBUG] [org.gradle.launcher.daemon.server.SynchronizedDispatchConnection] thread 13: stopping connection
20:48:56.357 [DEBUG] [org.gradle.launcher.daemon.server.SynchronizedDispatchConnection] thread 13: stopping connection
20:49:56.301 [DEBUG] [org.gradle.launcher.daemon.server.DaemonStateCoordinator] Idle timeout: daemon has been idle for requested period. Stopping now.
20:49:56.302 [DEBUG] [org.gradle.launcher.daemon.server.DaemonStateCoordinator] Marking daemon stopped due to idle timeout. The daemon is running a build: false
20:49:56.302 [DEBUG] [org.gradle.launcher.daemon.server.Daemon] stop() called on daemon
20:49:56.302 [INFO] [org.gradle.launcher.daemon.server.Daemon] Stop requested. Daemon is removing its presence from the registry...
20:49:56.302 [DEBUG] [org.gradle.launcher.daemon.server.DomainRegistryUpdater] Removing our presence to clients, eg. removing this address from the registry: [052123a4-513c-43a8-bedc-25d511a24ef8 port:59321, addresses:[/0:0:0:0:0:0:0:1, /127.0.0.1]]
20:49:56.303 [DEBUG] [org.gradle.launcher.daemon.registry.PersistentDaemonRegistry] Removing daemon address: [052123a4-513c-43a8-bedc-25d511a24ef8 port:59321, addresses:[/0:0:0:0:0:0:0:1, /127.0.0.1]]
20:49:56.304 [DEBUG] [org.gradle.cache.internal.DefaultFileLockManager] Waiting to acquire exclusive lock on daemon addresses registry.
20:49:56.306 [DEBUG] [org.gradle.cache.internal.DefaultFileLockManager] Lock acquired.
20:49:56.310 [DEBUG] [org.gradle.cache.internal.DefaultFileLockManager] Releasing lock on daemon addresses registry.
20:49:56.310 [DEBUG] [org.gradle.launcher.daemon.server.DomainRegistryUpdater] Address removed from registry.
Daemon vm is shutting down... The daemon has exited normally or was terminated in response to a user interrupt.
20:49:56.313 [DEBUG] [org.gradle.launcher.daemon.registry.PersistentDaemonRegistry] Removing daemon address: [052123a4-513c-43a8-bedc-25d511a24ef8 port:59321, addresses:[/0:0:0:0:0:0:0:1, /127.0.0.1]]
20:49:56.313 [DEBUG] [org.gradle.cache.internal.DefaultFileLockManager] Waiting to acquire exclusive lock on daemon addresses registry.
20:49:56.314 [DEBUG] [org.gradle.cache.internal.DefaultFileLockManager] Lock acquired.
20:49:56.317 [DEBUG] [org.gradle.cache.internal.DefaultFileLockManager] Releasing lock on daemon addresses registry.
